{"/home/travis/build/npmtest/node-npmtest-botbuilder/test.js":{"path":"/home/travis/build/npmtest/node-npmtest-botbuilder/test.js","s":{"1":2,"2":2,"3":2,"4":2,"5":2,"6":2,"7":2,"8":1,"9":2,"10":2,"11":1,"12":1,"13":1,"14":1,"15":2,"16":2,"17":2,"18":2,"19":1,"20":1,"21":2,"22":2,"23":2,"24":1,"25":1,"26":1,"27":1,"28":1,"29":1,"30":1,"31":1,"32":1,"33":1,"34":1,"35":1,"36":1,"37":1,"38":1,"39":2,"40":2,"41":1,"42":2,"43":2,"44":1,"45":2,"46":2,"47":1,"48":2,"49":2,"50":1,"51":1,"52":1,"53":1,"54":1},"b":{"1":[2,1,1,1],"2":[1,1,1,1],"3":[1,1],"4":[1,1],"5":[1,1],"6":[1,1],"7":[1,1],"8":[1,1],"9":[1,1],"10":[1,1,1],"11":[1,1],"12":[1,1],"13":[1,1],"14":[1,1],"15":[1,1],"16":[1,1],"17":[1,1]},"f":{"1":2,"2":2,"3":2,"4":2,"5":2,"6":1,"7":1,"8":1,"9":2,"10":2,"11":2,"12":2,"13":1},"fnMap":{"1":{"name":"(anonymous_1)","line":12,"loc":{"start":{"line":12,"column":1},"end":{"line":12,"column":13}}},"2":{"name":"(anonymous_2)","line":19,"loc":{"start":{"line":19,"column":5},"end":{"line":19,"column":17}}},"3":{"name":"(anonymous_3)","line":23,"loc":{"start":{"line":23,"column":24},"end":{"line":23,"column":36}}},"4":{"name":"(anonymous_4)","line":61,"loc":{"start":{"line":61,"column":5},"end":{"line":61,"column":17}}},"5":{"name":"(anonymous_5)","line":82,"loc":{"start":{"line":82,"column":5},"end":{"line":82,"column":17}}},"6":{"name":"(anonymous_6)","line":91,"loc":{"start":{"line":91,"column":77},"end":{"line":94,"column":10}}},"7":{"name":"(anonymous_7)","line":112,"loc":{"start":{"line":112,"column":83},"end":{"line":115,"column":10}},"skip":true},"8":{"name":"(anonymous_8)","line":123,"loc":{"start":{"line":123,"column":77},"end":{"line":126,"column":10}},"skip":true},"9":{"name":"(anonymous_9)","line":139,"loc":{"start":{"line":139,"column":12},"end":{"line":139,"column":40}},"skip":true},"10":{"name":"(anonymous_10)","line":147,"loc":{"start":{"line":147,"column":77},"end":{"line":150,"column":10}},"skip":true},"11":{"name":"(anonymous_11)","line":158,"loc":{"start":{"line":158,"column":83},"end":{"line":161,"column":10}},"skip":true},"12":{"name":"(anonymous_12)","line":169,"loc":{"start":{"line":169,"column":79},"end":{"line":172,"column":10}},"skip":true},"13":{"name":"(anonymous_13)","line":180,"loc":{"start":{"line":180,"column":75},"end":{"line":183,"column":10}},"skip":true}},"statementMap":{"1":{"start":{"line":12,"column":0},"end":{"line":195,"column":5}},"2":{"start":{"line":14,"column":4},"end":{"line":14,"column":14}},"3":{"start":{"line":19,"column":4},"end":{"line":56,"column":9}},"4":{"start":{"line":21,"column":8},"end":{"line":21,"column":19}},"5":{"start":{"line":23,"column":8},"end":{"line":35,"column":13}},"6":{"start":{"line":24,"column":12},"end":{"line":34,"column":13}},"7":{"start":{"line":25,"column":16},"end":{"line":28,"column":30}},"8":{"start":{"line":30,"column":16},"end":{"line":33,"column":27}},"9":{"start":{"line":37,"column":8},"end":{"line":39,"column":21}},"10":{"start":{"line":40,"column":8},"end":{"line":53,"column":9}},"11":{"start":{"line":43,"column":12},"end":{"line":46,"column":14}},"12":{"start":{"line":47,"column":12},"end":{"line":47,"column":18}},"13":{"start":{"line":50,"column":12},"end":{"line":51,"column":46}},"14":{"start":{"line":52,"column":12},"end":{"line":52,"column":18}},"15":{"start":{"line":55,"column":8},"end":{"line":55,"column":35}},"16":{"start":{"line":61,"column":4},"end":{"line":63,"column":9}},"17":{"start":{"line":62,"column":8},"end":{"line":62,"column":15}},"18":{"start":{"line":64,"column":4},"end":{"line":77,"column":5}},"19":{"start":{"line":70,"column":8},"end":{"line":70,"column":14}},"20":{"start":{"line":76,"column":8},"end":{"line":76,"column":14}},"21":{"start":{"line":82,"column":4},"end":{"line":84,"column":9}},"22":{"start":{"line":83,"column":8},"end":{"line":83,"column":15}},"23":{"start":{"line":85,"column":4},"end":{"line":194,"column":5}},"24":{"start":{"line":91,"column":8},"end":{"line":99,"column":10}},"25":{"start":{"line":98,"column":12},"end":{"line":98,"column":35}},"26":{"start":{"line":102,"column":8},"end":{"line":104,"column":63}},"27":{"start":{"line":105,"column":8},"end":{"line":105,"column":14}},"28":{"start":{"line":112,"column":8},"end":{"line":121,"column":10},"skip":true},"29":{"start":{"line":119,"column":12},"end":{"line":119,"column":55},"skip":true},"30":{"start":{"line":120,"column":12},"end":{"line":120,"column":48},"skip":true},"31":{"start":{"line":123,"column":8},"end":{"line":136,"column":10},"skip":true},"32":{"start":{"line":130,"column":12},"end":{"line":130,"column":76},"skip":true},"33":{"start":{"line":131,"column":12},"end":{"line":131,"column":73},"skip":true},"34":{"start":{"line":132,"column":12},"end":{"line":132,"column":74},"skip":true},"35":{"start":{"line":133,"column":12},"end":{"line":133,"column":79},"skip":true},"36":{"start":{"line":134,"column":12},"end":{"line":134,"column":25},"skip":true},"37":{"start":{"line":135,"column":12},"end":{"line":135,"column":45},"skip":true},"38":{"start":{"line":138,"column":8},"end":{"line":145,"column":14},"skip":true},"39":{"start":{"line":143,"column":16},"end":{"line":143,"column":29},"skip":true},"40":{"start":{"line":144,"column":16},"end":{"line":144,"column":55},"skip":true},"41":{"start":{"line":147,"column":8},"end":{"line":156,"column":10},"skip":true},"42":{"start":{"line":154,"column":12},"end":{"line":154,"column":25},"skip":true},"43":{"start":{"line":155,"column":12},"end":{"line":155,"column":45},"skip":true},"44":{"start":{"line":158,"column":8},"end":{"line":167,"column":10},"skip":true},"45":{"start":{"line":165,"column":12},"end":{"line":165,"column":25},"skip":true},"46":{"start":{"line":166,"column":12},"end":{"line":166,"column":48},"skip":true},"47":{"start":{"line":169,"column":8},"end":{"line":178,"column":10},"skip":true},"48":{"start":{"line":176,"column":12},"end":{"line":176,"column":25},"skip":true},"49":{"start":{"line":177,"column":12},"end":{"line":177,"column":46},"skip":true},"50":{"start":{"line":180,"column":8},"end":{"line":189,"column":10},"skip":true},"51":{"start":{"line":187,"column":12},"end":{"line":187,"column":94},"skip":true},"52":{"start":{"line":188,"column":12},"end":{"line":188,"column":48},"skip":true},"53":{"start":{"line":192,"column":8},"end":{"line":192,"column":35},"skip":true},"54":{"start":{"line":193,"column":8},"end":{"line":193,"column":14},"skip":true}},"branchMap":{"1":{"line":25,"type":"binary-expr","locations":[{"start":{"line":25,"column":23},"end":{"line":25,"column":62}},{"start":{"line":26,"column":20},"end":{"line":26,"column":70}},{"start":{"line":27,"column":20},"end":{"line":27,"column":71}},{"start":{"line":28,"column":20},"end":{"line":28,"column":29}}]},"2":{"line":30,"type":"binary-expr","locations":[{"start":{"line":30,"column":23},"end":{"line":30,"column":37}},{"start":{"line":31,"column":20},"end":{"line":31,"column":61}},{"start":{"line":32,"column":20},"end":{"line":32,"column":70}},{"start":{"line":33,"column":20},"end":{"line":33,"column":26}}]},"3":{"line":37,"type":"cond-expr","locations":[{"start":{"line":38,"column":14},"end":{"line":38,"column":20}},{"start":{"line":39,"column":14},"end":{"line":39,"column":20}}]},"4":{"line":40,"type":"switch","locations":[{"start":{"line":42,"column":8},"end":{"line":47,"column":18}},{"start":{"line":49,"column":8},"end":{"line":52,"column":18}}]},"5":{"line":44,"type":"binary-expr","locations":[{"start":{"line":44,"column":16},"end":{"line":44,"column":44}},{"start":{"line":44,"column":48},"end":{"line":44,"column":66}}]},"6":{"line":50,"type":"binary-expr","locations":[{"start":{"line":50,"column":21},"end":{"line":50,"column":49}},{"start":{"line":50,"column":53},"end":{"line":50,"column":72}}]},"7":{"line":64,"type":"switch","locations":[{"start":{"line":69,"column":4},"end":{"line":70,"column":14}},{"start":{"line":75,"column":4},"end":{"line":76,"column":14}}]},"8":{"line":85,"type":"switch","locations":[{"start":{"line":90,"column":4},"end":{"line":105,"column":14}},{"start":{"line":111,"column":4},"end":{"line":193,"column":14},"skip":true}]},"9":{"line":91,"type":"binary-expr","locations":[{"start":{"line":91,"column":42},"end":{"line":91,"column":73}},{"start":{"line":91,"column":77},"end":{"line":99,"column":9}}]},"10":{"line":102,"type":"binary-expr","locations":[{"start":{"line":102,"column":18},"end":{"line":102,"column":32}},{"start":{"line":103,"column":12},"end":{"line":103,"column":53}},{"start":{"line":104,"column":12},"end":{"line":104,"column":61}}]},"11":{"line":112,"type":"binary-expr","locations":[{"start":{"line":112,"column":45},"end":{"line":112,"column":79},"skip":true},{"start":{"line":112,"column":83},"end":{"line":121,"column":9},"skip":true}]},"12":{"line":123,"type":"binary-expr","locations":[{"start":{"line":123,"column":42},"end":{"line":123,"column":73},"skip":true},{"start":{"line":123,"column":77},"end":{"line":136,"column":9},"skip":true}]},"13":{"line":138,"type":"binary-expr","locations":[{"start":{"line":138,"column":48},"end":{"line":138,"column":85},"skip":true},{"start":{"line":139,"column":12},"end":{"line":145,"column":13},"skip":true}]},"14":{"line":147,"type":"binary-expr","locations":[{"start":{"line":147,"column":42},"end":{"line":147,"column":73},"skip":true},{"start":{"line":147,"column":77},"end":{"line":156,"column":9},"skip":true}]},"15":{"line":158,"type":"binary-expr","locations":[{"start":{"line":158,"column":45},"end":{"line":158,"column":79},"skip":true},{"start":{"line":158,"column":83},"end":{"line":167,"column":9},"skip":true}]},"16":{"line":169,"type":"binary-expr","locations":[{"start":{"line":169,"column":43},"end":{"line":169,"column":75},"skip":true},{"start":{"line":169,"column":79},"end":{"line":178,"column":9},"skip":true}]},"17":{"line":180,"type":"binary-expr","locations":[{"start":{"line":180,"column":41},"end":{"line":180,"column":71},"skip":true},{"start":{"line":180,"column":75},"end":{"line":189,"column":9},"skip":true}]}},"code":["/* istanbul instrument in package npmtest_botbuilder */","/*jslint","    bitwise: true,","    browser: true,","    maxerr: 8,","    maxlen: 96,","    node: true,","    nomen: true,","    regexp: true,","    stupid: true","*/","(function () {","    'use strict';","    var local;","","","","    // run shared js-env code - pre-init","    (function () {","        // init local","        local = {};","        // init modeJs","        local.modeJs = (function () {","            try {","                return typeof navigator.userAgent === 'string' &&","                    typeof document.querySelector('body') === 'object' &&","                    typeof XMLHttpRequest.prototype.open === 'function' &&","                    'browser';","            } catch (errorCaughtBrowser) {","                return module.exports &&","                    typeof process.versions.node === 'string' &&","                    typeof require('http').createServer === 'function' &&","                    'node';","            }","        }());","        // init global","        local.global = local.modeJs === 'browser'","            ? window","            : global;","        switch (local.modeJs) {","        // re-init local from window.local","        case 'browser':","            local = local.global.utility2.objectSetDefault(","                local.global.utility2_rollup || local.global.local,","                local.global.utility2","            );","            break;","        // re-init local from example.js","        case 'node':","            local = (local.global.utility2_rollup || require('utility2'))","                .requireExampleJsFromReadme();","            break;","        }","        // export local","        local.global.local = local;","    }());","","","","    // run shared js-env code - function","    (function () {","        return;","    }());","    switch (local.modeJs) {","","","","    // run browser js-env code - function","    case 'browser':","        break;","","","","    // run node js-env code - function","    case 'node':","        break;","    }","","","","    // run shared js-env code - post-init","    (function () {","        return;","    }());","    switch (local.modeJs) {","","","","    // run browser js-env code - post-init","    case 'browser':","        local.testCase_browser_nullCase = local.testCase_browser_nullCase || function (","            options,","            onError","        ) {","        /*","         * this function will test browsers's null-case handling-behavior-behavior","         */","            onError(null, options);","        };","","        // run tests","        local.nop(local.modeTest &&","            document.querySelector('#testRunButton1') &&","            document.querySelector('#testRunButton1').click());","        break;","","","","    // run node js-env code - post-init","    /* istanbul ignore next */","    case 'node':","        local.testCase_buildApidoc_default = local.testCase_buildApidoc_default || function (","            options,","            onError","        ) {","        /*","         * this function will test buildApidoc's default handling-behavior-behavior","         */","            options = { modulePathList: module.paths };","            local.buildApidoc(options, onError);","        };","","        local.testCase_buildApp_default = local.testCase_buildApp_default || function (","            options,","            onError","        ) {","        /*","         * this function will test buildApp's default handling-behavior-behavior","         */","            local.testCase_buildReadme_default(options, local.onErrorThrow);","            local.testCase_buildLib_default(options, local.onErrorThrow);","            local.testCase_buildTest_default(options, local.onErrorThrow);","            local.testCase_buildCustomOrg_default(options, local.onErrorThrow);","            options = [];","            local.buildApp(options, onError);","        };","","        local.testCase_buildCustomOrg_default = local.testCase_buildCustomOrg_default ||","            function (options, onError) {","            /*","             * this function will test buildCustomOrg's default handling-behavior","             */","                options = {};","                local.buildCustomOrg(options, onError);","            };","","        local.testCase_buildLib_default = local.testCase_buildLib_default || function (","            options,","            onError","        ) {","        /*","         * this function will test buildLib's default handling-behavior","         */","            options = {};","            local.buildLib(options, onError);","        };","","        local.testCase_buildReadme_default = local.testCase_buildReadme_default || function (","            options,","            onError","        ) {","        /*","         * this function will test buildReadme's default handling-behavior-behavior","         */","            options = {};","            local.buildReadme(options, onError);","        };","","        local.testCase_buildTest_default = local.testCase_buildTest_default || function (","            options,","            onError","        ) {","        /*","         * this function will test buildTest's default handling-behavior","         */","            options = {};","            local.buildTest(options, onError);","        };","","        local.testCase_webpage_default = local.testCase_webpage_default || function (","            options,","            onError","        ) {","        /*","         * this function will test webpage's default handling-behavior","         */","            options = { modeCoverageMerge: true, url: local.serverLocalHost + '?modeTest=1' };","            local.browserTest(options, onError);","        };","","        // run test-server","        local.testRunServer(local);","        break;","    }","}());",""],"l":{"12":2,"14":2,"19":2,"21":2,"23":2,"24":2,"25":2,"30":1,"37":2,"40":2,"43":1,"47":1,"50":1,"52":1,"55":2,"61":2,"62":2,"64":2,"70":1,"76":1,"82":2,"83":2,"85":2,"91":1,"98":1,"102":1,"105":1,"112":1,"119":1,"120":1,"123":1,"130":1,"131":1,"132":1,"133":1,"134":1,"135":1,"138":1,"143":2,"144":2,"147":1,"154":2,"155":2,"158":1,"165":2,"166":2,"169":1,"176":2,"177":2,"180":1,"187":1,"188":1,"192":1,"193":1}},"/home/travis/build/npmtest/node-npmtest-botbuilder/lib.npmtest_botbuilder.js":{"path":"/home/travis/build/npmtest/node-npmtest-botbuilder/lib.npmtest_botbuilder.js","s":{"1":2,"2":2,"3":2,"4":2,"5":2,"6":2,"7":2,"8":1,"9":2,"10":2,"11":2,"12":2,"13":1,"14":1,"15":1,"16":1},"b":{"1":[2,1,1,1],"2":[1,1,1,1],"3":[1,1],"4":[2,2],"5":[1,1]},"f":{"1":2,"2":2,"3":2},"fnMap":{"1":{"name":"(anonymous_1)","line":12,"loc":{"start":{"line":12,"column":1},"end":{"line":12,"column":13}}},"2":{"name":"(anonymous_2)","line":19,"loc":{"start":{"line":19,"column":5},"end":{"line":19,"column":17}}},"3":{"name":"(anonymous_3)","line":23,"loc":{"start":{"line":23,"column":24},"end":{"line":23,"column":36}}}},"statementMap":{"1":{"start":{"line":12,"column":0},"end":{"line":53,"column":5}},"2":{"start":{"line":14,"column":4},"end":{"line":14,"column":14}},"3":{"start":{"line":19,"column":4},"end":{"line":52,"column":9}},"4":{"start":{"line":21,"column":8},"end":{"line":21,"column":19}},"5":{"start":{"line":23,"column":8},"end":{"line":35,"column":13}},"6":{"start":{"line":24,"column":12},"end":{"line":34,"column":13}},"7":{"start":{"line":25,"column":16},"end":{"line":28,"column":30}},"8":{"start":{"line":30,"column":16},"end":{"line":33,"column":27}},"9":{"start":{"line":37,"column":8},"end":{"line":39,"column":21}},"10":{"start":{"line":41,"column":8},"end":{"line":41,"column":54}},"11":{"start":{"line":43,"column":8},"end":{"line":43,"column":55}},"12":{"start":{"line":45,"column":8},"end":{"line":51,"column":9}},"13":{"start":{"line":46,"column":12},"end":{"line":46,"column":61}},"14":{"start":{"line":48,"column":12},"end":{"line":48,"column":35}},"15":{"start":{"line":49,"column":12},"end":{"line":49,"column":49}},"16":{"start":{"line":50,"column":12},"end":{"line":50,"column":43}}},"branchMap":{"1":{"line":25,"type":"binary-expr","locations":[{"start":{"line":25,"column":23},"end":{"line":25,"column":62}},{"start":{"line":26,"column":20},"end":{"line":26,"column":70}},{"start":{"line":27,"column":20},"end":{"line":27,"column":71}},{"start":{"line":28,"column":20},"end":{"line":28,"column":29}}]},"2":{"line":30,"type":"binary-expr","locations":[{"start":{"line":30,"column":23},"end":{"line":30,"column":37}},{"start":{"line":31,"column":20},"end":{"line":31,"column":61}},{"start":{"line":32,"column":20},"end":{"line":32,"column":70}},{"start":{"line":33,"column":20},"end":{"line":33,"column":26}}]},"3":{"line":37,"type":"cond-expr","locations":[{"start":{"line":38,"column":14},"end":{"line":38,"column":20}},{"start":{"line":39,"column":14},"end":{"line":39,"column":20}}]},"4":{"line":41,"type":"binary-expr","locations":[{"start":{"line":41,"column":16},"end":{"line":41,"column":44}},{"start":{"line":41,"column":48},"end":{"line":41,"column":53}}]},"5":{"line":45,"type":"if","locations":[{"start":{"line":45,"column":8},"end":{"line":45,"column":8}},{"start":{"line":45,"column":8},"end":{"line":45,"column":8}}]}},"code":["/* istanbul instrument in package npmtest_botbuilder */","/*jslint","    bitwise: true,","    browser: true,","    maxerr: 8,","    maxlen: 96,","    node: true,","    nomen: true,","    regexp: true,","    stupid: true","*/","(function () {","    'use strict';","    var local;","","","","    // run shared js-env code - pre-init","    (function () {","        // init local","        local = {};","        // init modeJs","        local.modeJs = (function () {","            try {","                return typeof navigator.userAgent === 'string' &&","                    typeof document.querySelector('body') === 'object' &&","                    typeof XMLHttpRequest.prototype.open === 'function' &&","                    'browser';","            } catch (errorCaughtBrowser) {","                return module.exports &&","                    typeof process.versions.node === 'string' &&","                    typeof require('http').createServer === 'function' &&","                    'node';","            }","        }());","        // init global","        local.global = local.modeJs === 'browser'","            ? window","            : global;","        // init utility2_rollup","        local = local.global.utility2_rollup || local;","        // init lib","        local.local = local.npmtest_botbuilder = local;","        // init exports","        if (local.modeJs === 'browser') {","            local.global.utility2_npmtest_botbuilder = local;","        } else {","            module.exports = local;","            module.exports.__dirname = __dirname;","            module.exports.module = module;","        }","    }());","}());",""],"l":{"12":2,"14":2,"19":2,"21":2,"23":2,"24":2,"25":2,"30":1,"37":2,"41":2,"43":2,"45":2,"46":1,"48":1,"49":1,"50":1}},"/home/travis/build/npmtest/node-npmtest-botbuilder/example.js":{"path":"/home/travis/build/npmtest/node-npmtest-botbuilder/example.js","s":{"1":2,"2":2,"3":2,"4":2,"5":2,"6":2,"7":2,"8":1,"9":2,"10":2,"11":2,"12":2,"13":1,"14":2,"15":2,"16":2,"17":2,"18":2,"19":0,"20":2,"21":1,"22":1,"23":1,"24":1,"25":1,"26":0,"27":0,"28":1,"29":1,"30":2,"31":0,"32":0,"33":0,"34":1,"35":2,"36":2,"37":3,"38":3,"39":3,"40":3,"41":0,"42":3,"43":3,"44":3,"45":1,"46":3,"47":1,"48":1,"49":1,"50":1,"51":1,"52":1,"53":1,"54":1,"55":1,"56":1,"57":0,"58":1,"59":6,"60":6,"61":1,"62":2,"63":0,"64":2,"65":1,"66":1,"67":0,"68":0,"69":0,"70":0,"71":0,"72":0,"73":0,"74":0,"75":0,"76":0,"77":0,"78":0,"79":0,"80":0,"81":0,"82":0,"83":0},"b":{"1":[2,1,1,1],"2":[1,1,1,1],"3":[1,1],"4":[2,2],"5":[1,1],"6":[1,1],"7":[2,0],"8":[2,1,1,1,1,1],"9":[0,2,0],"10":[1,1],"11":[2,1,1],"12":[1,0],"13":[0,2],"14":[2,0,0,0,0,0,0],"15":[0,3],"16":[3,0],"17":[1,1],"18":[0,1],"19":[1,2,0,2],"20":[1,0],"21":[1,1],"22":[0,0],"23":[0,0],"24":[0,0],"25":[0,0],"26":[0,0],"27":[0,0],"28":[0,0]},"f":{"1":2,"2":2,"3":2,"4":2,"5":2,"6":2,"7":3,"8":3,"9":3,"10":1,"11":6,"12":0},"fnMap":{"1":{"name":"(anonymous_1)","line":26,"loc":{"start":{"line":26,"column":1},"end":{"line":26,"column":13}}},"2":{"name":"(anonymous_2)","line":33,"loc":{"start":{"line":33,"column":5},"end":{"line":33,"column":17}}},"3":{"name":"(anonymous_3)","line":37,"loc":{"start":{"line":37,"column":24},"end":{"line":37,"column":36}}},"4":{"name":"(anonymous_4)","line":69,"loc":{"start":{"line":69,"column":31},"end":{"line":69,"column":48}},"skip":true},"5":{"name":"(anonymous_5)","line":78,"loc":{"start":{"line":78,"column":26},"end":{"line":78,"column":45}},"skip":true},"6":{"name":"(anonymous_6)","line":123,"loc":{"start":{"line":123,"column":33},"end":{"line":123,"column":48}},"skip":true},"7":{"name":"(anonymous_7)","line":125,"loc":{"start":{"line":125,"column":27},"end":{"line":125,"column":39}},"skip":true},"8":{"name":"(anonymous_8)","line":133,"loc":{"start":{"line":133,"column":59},"end":{"line":133,"column":74}},"skip":true},"9":{"name":"(anonymous_9)","line":143,"loc":{"start":{"line":143,"column":45},"end":{"line":143,"column":62}},"skip":true},"10":{"name":"(anonymous_10)","line":144,"loc":{"start":{"line":144,"column":73},"end":{"line":144,"column":92}},"skip":true},"11":{"name":"(anonymous_11)","line":272,"loc":{"start":{"line":272,"column":51},"end":{"line":272,"column":77}},"skip":true},"12":{"name":"(anonymous_12)","line":315,"loc":{"start":{"line":315,"column":32},"end":{"line":315,"column":61}},"skip":true}},"statementMap":{"1":{"start":{"line":26,"column":0},"end":{"line":326,"column":5}},"2":{"start":{"line":28,"column":4},"end":{"line":28,"column":14}},"3":{"start":{"line":33,"column":4},"end":{"line":60,"column":9}},"4":{"start":{"line":35,"column":8},"end":{"line":35,"column":19}},"5":{"start":{"line":37,"column":8},"end":{"line":49,"column":13}},"6":{"start":{"line":38,"column":12},"end":{"line":48,"column":13}},"7":{"start":{"line":39,"column":16},"end":{"line":42,"column":30}},"8":{"start":{"line":44,"column":16},"end":{"line":47,"column":27}},"9":{"start":{"line":51,"column":8},"end":{"line":53,"column":21}},"10":{"start":{"line":55,"column":8},"end":{"line":57,"column":45}},"11":{"start":{"line":59,"column":8},"end":{"line":59,"column":35}},"12":{"start":{"line":61,"column":4},"end":{"line":325,"column":5}},"13":{"start":{"line":69,"column":8},"end":{"line":121,"column":10},"skip":true},"14":{"start":{"line":70,"column":12},"end":{"line":88,"column":13},"skip":true},"15":{"start":{"line":76,"column":16},"end":{"line":87,"column":19},"skip":true},"16":{"start":{"line":79,"column":20},"end":{"line":86,"column":21},"skip":true},"17":{"start":{"line":82,"column":24},"end":{"line":82,"column":43},"skip":true},"18":{"start":{"line":83,"column":24},"end":{"line":83,"column":30},"skip":true},"19":{"start":{"line":85,"column":24},"end":{"line":85,"column":49},"skip":true},"20":{"start":{"line":89,"column":12},"end":{"line":107,"column":13},"skip":true},"21":{"start":{"line":92,"column":16},"end":{"line":102,"column":17},"skip":true},"22":{"start":{"line":93,"column":20},"end":{"line":93,"column":86},"skip":true},"23":{"start":{"line":94,"column":20},"end":{"line":95,"column":45},"skip":true},"24":{"start":{"line":96,"column":20},"end":{"line":96,"column":42},"skip":true},"25":{"start":{"line":97,"column":20},"end":{"line":97,"column":48},"skip":true},"26":{"start":{"line":100,"column":20},"end":{"line":100,"column":85},"skip":true},"27":{"start":{"line":101,"column":20},"end":{"line":101,"column":96},"skip":true},"28":{"start":{"line":103,"column":16},"end":{"line":103,"column":22},"skip":true},"29":{"start":{"line":106,"column":16},"end":{"line":106,"column":22},"skip":true},"30":{"start":{"line":108,"column":12},"end":{"line":120,"column":13},"skip":true},"31":{"start":{"line":114,"column":16},"end":{"line":119,"column":17},"skip":true},"32":{"start":{"line":116,"column":20},"end":{"line":116,"column":78},"skip":true},"33":{"start":{"line":118,"column":20},"end":{"line":118,"column":47},"skip":true},"34":{"start":{"line":123,"column":8},"end":{"line":141,"column":11},"skip":true},"35":{"start":{"line":124,"column":12},"end":{"line":124,"column":54},"skip":true},"36":{"start":{"line":125,"column":12},"end":{"line":140,"column":14},"skip":true},"37":{"start":{"line":126,"column":16},"end":{"line":126,"column":28},"skip":true},"38":{"start":{"line":127,"column":16},"end":{"line":127,"column":69},"skip":true},"39":{"start":{"line":128,"column":16},"end":{"line":128,"column":75},"skip":true},"40":{"start":{"line":129,"column":16},"end":{"line":131,"column":17},"skip":true},"41":{"start":{"line":130,"column":20},"end":{"line":130,"column":27},"skip":true},"42":{"start":{"line":133,"column":16},"end":{"line":137,"column":36},"skip":true},"43":{"start":{"line":134,"column":20},"end":{"line":136,"column":55},"skip":true},"44":{"start":{"line":139,"column":16},"end":{"line":139,"column":57},"skip":true},"45":{"start":{"line":143,"column":8},"end":{"line":147,"column":11},"skip":true},"46":{"start":{"line":144,"column":12},"end":{"line":146,"column":15},"skip":true},"47":{"start":{"line":145,"column":16},"end":{"line":145,"column":70},"skip":true},"48":{"start":{"line":149,"column":8},"end":{"line":149,"column":31},"skip":true},"49":{"start":{"line":150,"column":8},"end":{"line":150,"column":14},"skip":true},"50":{"start":{"line":158,"column":8},"end":{"line":158,"column":31},"skip":true},"51":{"start":{"line":160,"column":8},"end":{"line":160,"column":33},"skip":true},"52":{"start":{"line":161,"column":8},"end":{"line":161,"column":37},"skip":true},"53":{"start":{"line":162,"column":8},"end":{"line":162,"column":35},"skip":true},"54":{"start":{"line":164,"column":8},"end":{"line":164,"column":50},"skip":true},"55":{"start":{"line":166,"column":8},"end":{"line":256,"column":2},"skip":true},"56":{"start":{"line":258,"column":8},"end":{"line":286,"column":9},"skip":true},"57":{"start":{"line":259,"column":12},"end":{"line":269,"column":14},"skip":true},"58":{"start":{"line":271,"column":12},"end":{"line":285,"column":19},"skip":true},"59":{"start":{"line":274,"column":20},"end":{"line":274,"column":35},"skip":true},"60":{"start":{"line":275,"column":20},"end":{"line":284,"column":21},"skip":true},"61":{"start":{"line":277,"column":24},"end":{"line":277,"column":64},"skip":true},"62":{"start":{"line":279,"column":24},"end":{"line":279,"column":40},"skip":true},"63":{"start":{"line":281,"column":24},"end":{"line":281,"column":40},"skip":true},"64":{"start":{"line":283,"column":24},"end":{"line":283,"column":39},"skip":true},"65":{"start":{"line":288,"column":8},"end":{"line":290,"column":9},"skip":true},"66":{"start":{"line":289,"column":12},"end":{"line":289,"column":18},"skip":true},"67":{"start":{"line":291,"column":8},"end":{"line":293,"column":54},"skip":true},"68":{"start":{"line":296,"column":8},"end":{"line":301,"column":37},"skip":true},"69":{"start":{"line":303,"column":8},"end":{"line":303,"column":82},"skip":true},"70":{"start":{"line":306,"column":8},"end":{"line":308,"column":9},"skip":true},"71":{"start":{"line":307,"column":12},"end":{"line":307,"column":82},"skip":true},"72":{"start":{"line":310,"column":8},"end":{"line":312,"column":9},"skip":true},"73":{"start":{"line":311,"column":12},"end":{"line":311,"column":18},"skip":true},"74":{"start":{"line":313,"column":8},"end":{"line":313,"column":54},"skip":true},"75":{"start":{"line":314,"column":8},"end":{"line":314,"column":69},"skip":true},"76":{"start":{"line":315,"column":8},"end":{"line":323,"column":36},"skip":true},"77":{"start":{"line":316,"column":12},"end":{"line":316,"column":61},"skip":true},"78":{"start":{"line":317,"column":12},"end":{"line":320,"column":13},"skip":true},"79":{"start":{"line":318,"column":16},"end":{"line":318,"column":75},"skip":true},"80":{"start":{"line":319,"column":16},"end":{"line":319,"column":23},"skip":true},"81":{"start":{"line":321,"column":12},"end":{"line":321,"column":38},"skip":true},"82":{"start":{"line":322,"column":12},"end":{"line":322,"column":27},"skip":true},"83":{"start":{"line":324,"column":8},"end":{"line":324,"column":14},"skip":true}},"branchMap":{"1":{"line":39,"type":"binary-expr","locations":[{"start":{"line":39,"column":23},"end":{"line":39,"column":62}},{"start":{"line":40,"column":20},"end":{"line":40,"column":70}},{"start":{"line":41,"column":20},"end":{"line":41,"column":71}},{"start":{"line":42,"column":20},"end":{"line":42,"column":29}}]},"2":{"line":44,"type":"binary-expr","locations":[{"start":{"line":44,"column":23},"end":{"line":44,"column":37}},{"start":{"line":45,"column":20},"end":{"line":45,"column":61}},{"start":{"line":46,"column":20},"end":{"line":46,"column":70}},{"start":{"line":47,"column":20},"end":{"line":47,"column":26}}]},"3":{"line":51,"type":"cond-expr","locations":[{"start":{"line":52,"column":14},"end":{"line":52,"column":20}},{"start":{"line":53,"column":14},"end":{"line":53,"column":20}}]},"4":{"line":55,"type":"binary-expr","locations":[{"start":{"line":55,"column":16},"end":{"line":55,"column":44}},{"start":{"line":55,"column":49},"end":{"line":57,"column":43}}]},"5":{"line":55,"type":"cond-expr","locations":[{"start":{"line":56,"column":14},"end":{"line":56,"column":54}},{"start":{"line":57,"column":14},"end":{"line":57,"column":43}}]},"6":{"line":61,"type":"switch","locations":[{"start":{"line":68,"column":4},"end":{"line":150,"column":14},"skip":true},{"start":{"line":156,"column":4},"end":{"line":324,"column":14},"skip":true}]},"7":{"line":70,"type":"if","locations":[{"start":{"line":70,"column":12},"end":{"line":70,"column":12},"skip":true},{"start":{"line":70,"column":12},"end":{"line":70,"column":12},"skip":true}]},"8":{"line":70,"type":"binary-expr","locations":[{"start":{"line":70,"column":16},"end":{"line":70,"column":22},"skip":true},{"start":{"line":70,"column":27},"end":{"line":70,"column":32},"skip":true},{"start":{"line":71,"column":20},"end":{"line":71,"column":39},"skip":true},{"start":{"line":72,"column":20},"end":{"line":72,"column":49},"skip":true},{"start":{"line":73,"column":20},"end":{"line":73,"column":58},"skip":true},{"start":{"line":74,"column":20},"end":{"line":74,"column":69},"skip":true}]},"9":{"line":79,"type":"switch","locations":[{"start":{"line":80,"column":20},"end":{"line":80,"column":33},"skip":true},{"start":{"line":81,"column":20},"end":{"line":83,"column":30},"skip":true},{"start":{"line":84,"column":20},"end":{"line":85,"column":49},"skip":true}]},"10":{"line":89,"type":"switch","locations":[{"start":{"line":90,"column":12},"end":{"line":103,"column":22},"skip":true},{"start":{"line":105,"column":12},"end":{"line":106,"column":22},"skip":true}]},"11":{"line":89,"type":"binary-expr","locations":[{"start":{"line":89,"column":20},"end":{"line":89,"column":25},"skip":true},{"start":{"line":89,"column":29},"end":{"line":89,"column":48},"skip":true},{"start":{"line":89,"column":52},"end":{"line":89,"column":74},"skip":true}]},"12":{"line":92,"type":"if","locations":[{"start":{"line":92,"column":16},"end":{"line":92,"column":16},"skip":true},{"start":{"line":92,"column":16},"end":{"line":92,"column":16},"skip":true}]},"13":{"line":108,"type":"if","locations":[{"start":{"line":108,"column":12},"end":{"line":108,"column":12},"skip":true},{"start":{"line":108,"column":12},"end":{"line":108,"column":12},"skip":true}]},"14":{"line":108,"type":"binary-expr","locations":[{"start":{"line":108,"column":16},"end":{"line":108,"column":61},"skip":true},{"start":{"line":108,"column":66},"end":{"line":108,"column":72},"skip":true},{"start":{"line":108,"column":77},"end":{"line":108,"column":82},"skip":true},{"start":{"line":109,"column":20},"end":{"line":109,"column":39},"skip":true},{"start":{"line":110,"column":20},"end":{"line":110,"column":49},"skip":true},{"start":{"line":111,"column":20},"end":{"line":111,"column":58},"skip":true},{"start":{"line":112,"column":20},"end":{"line":112,"column":68},"skip":true}]},"15":{"line":129,"type":"if","locations":[{"start":{"line":129,"column":16},"end":{"line":129,"column":16},"skip":true},{"start":{"line":129,"column":16},"end":{"line":129,"column":16},"skip":true}]},"16":{"line":134,"type":"cond-expr","locations":[{"start":{"line":135,"column":26},"end":{"line":135,"column":29},"skip":true},{"start":{"line":136,"column":26},"end":{"line":136,"column":54},"skip":true}]},"17":{"line":164,"type":"binary-expr","locations":[{"start":{"line":164,"column":27},"end":{"line":164,"column":43},"skip":true},{"start":{"line":164,"column":47},"end":{"line":164,"column":49},"skip":true}]},"18":{"line":258,"type":"if","locations":[{"start":{"line":258,"column":8},"end":{"line":258,"column":8},"skip":true},{"start":{"line":258,"column":8},"end":{"line":258,"column":8},"skip":true}]},"19":{"line":275,"type":"switch","locations":[{"start":{"line":276,"column":20},"end":{"line":277,"column":64},"skip":true},{"start":{"line":278,"column":20},"end":{"line":279,"column":40},"skip":true},{"start":{"line":280,"column":20},"end":{"line":281,"column":40},"skip":true},{"start":{"line":282,"column":20},"end":{"line":283,"column":39},"skip":true}]},"20":{"line":288,"type":"if","locations":[{"start":{"line":288,"column":8},"end":{"line":288,"column":8},"skip":true},{"start":{"line":288,"column":8},"end":{"line":288,"column":8},"skip":true}]},"21":{"line":288,"type":"binary-expr","locations":[{"start":{"line":288,"column":12},"end":{"line":288,"column":40},"skip":true},{"start":{"line":288,"column":44},"end":{"line":288,"column":67},"skip":true}]},"22":{"line":292,"type":"binary-expr","locations":[{"start":{"line":292,"column":12},"end":{"line":292,"column":50},"skip":true},{"start":{"line":293,"column":12},"end":{"line":293,"column":53},"skip":true}]},"23":{"line":297,"type":"binary-expr","locations":[{"start":{"line":297,"column":12},"end":{"line":297,"column":68},"skip":true},{"start":{"line":298,"column":12},"end":{"line":301,"column":36},"skip":true}]},"24":{"line":303,"type":"binary-expr","locations":[{"start":{"line":303,"column":43},"end":{"line":303,"column":75},"skip":true},{"start":{"line":303,"column":79},"end":{"line":303,"column":81},"skip":true}]},"25":{"line":306,"type":"if","locations":[{"start":{"line":306,"column":8},"end":{"line":306,"column":8},"skip":true},{"start":{"line":306,"column":8},"end":{"line":306,"column":8},"skip":true}]},"26":{"line":310,"type":"if","locations":[{"start":{"line":310,"column":8},"end":{"line":310,"column":8},"skip":true},{"start":{"line":310,"column":8},"end":{"line":310,"column":8},"skip":true}]},"27":{"line":313,"type":"binary-expr","locations":[{"start":{"line":313,"column":27},"end":{"line":313,"column":43},"skip":true},{"start":{"line":313,"column":47},"end":{"line":313,"column":53},"skip":true}]},"28":{"line":317,"type":"if","locations":[{"start":{"line":317,"column":12},"end":{"line":317,"column":12},"skip":true},{"start":{"line":317,"column":12},"end":{"line":317,"column":12},"skip":true}]}},"code":["/*","example.js","","quickstart example","","instruction","    1. save this script as example.js","    2. run the shell command:","        $ npm install npmtest-botbuilder && PORT=8081 node example.js","    3. play with the browser-demo on http://127.0.0.1:8081","*/","","","","/* istanbul instrument in package npmtest_botbuilder */","/*jslint","    bitwise: true,","    browser: true,","    maxerr: 8,","    maxlen: 96,","    node: true,","    nomen: true,","    regexp: true,","    stupid: true","*/","(function () {","    'use strict';","    var local;","","","","    // run shared js-env code - pre-init","    (function () {","        // init local","        local = {};","        // init modeJs","        local.modeJs = (function () {","            try {","                return typeof navigator.userAgent === 'string' &&","                    typeof document.querySelector('body') === 'object' &&","                    typeof XMLHttpRequest.prototype.open === 'function' &&","                    'browser';","            } catch (errorCaughtBrowser) {","                return module.exports &&","                    typeof process.versions.node === 'string' &&","                    typeof require('http').createServer === 'function' &&","                    'node';","            }","        }());","        // init global","        local.global = local.modeJs === 'browser'","            ? window","            : global;","        // init utility2_rollup","        local = local.global.utility2_rollup || (local.modeJs === 'browser'","            ? local.global.utility2_npmtest_botbuilder","            : global.utility2_moduleExports);","        // export local","        local.global.local = local;","    }());","    switch (local.modeJs) {","","","","    // post-init","    // run browser js-env code - post-init","    /* istanbul ignore next */","    case 'browser':","        local.testRunBrowser = function (event) {","            if (!event || (event &&","                    event.currentTarget &&","                    event.currentTarget.className &&","                    event.currentTarget.className.includes &&","                    event.currentTarget.className.includes('onreset'))) {","                // reset output","                Array.from(","                    document.querySelectorAll('body > .resettable')","                ).forEach(function (element) {","                    switch (element.tagName) {","                    case 'INPUT':","                    case 'TEXTAREA':","                        element.value = '';","                        break;","                    default:","                        element.textContent = '';","                    }","                });","            }","            switch (event && event.currentTarget && event.currentTarget.id) {","            case 'testRunButton1':","                // show tests","                if (document.querySelector('#testReportDiv1').style.display === 'none') {","                    document.querySelector('#testReportDiv1').style.display = 'block';","                    document.querySelector('#testRunButton1').textContent =","                        'hide internal test';","                    local.modeTest = true;","                    local.testRunDefault(local);","                // hide tests","                } else {","                    document.querySelector('#testReportDiv1').style.display = 'none';","                    document.querySelector('#testRunButton1').textContent = 'run internal test';","                }","                break;","            // custom-case","            default:","                break;","            }","            if (document.querySelector('#inputTextareaEval1') && (!event || (event &&","                    event.currentTarget &&","                    event.currentTarget.className &&","                    event.currentTarget.className.includes &&","                    event.currentTarget.className.includes('oneval')))) {","                // try to eval input-code","                try {","                    /*jslint evil: true*/","                    eval(document.querySelector('#inputTextareaEval1').value);","                } catch (errorCaught) {","                    console.error(errorCaught);","                }","            }","        };","        // log stderr and stdout to #outputTextareaStdout1","        ['error', 'log'].forEach(function (key) {","            console[key + '_original'] = console[key];","            console[key] = function () {","                var element;","                console[key + '_original'].apply(console, arguments);","                element = document.querySelector('#outputTextareaStdout1');","                if (!element) {","                    return;","                }","                // append text to #outputTextareaStdout1","                element.value += Array.from(arguments).map(function (arg) {","                    return typeof arg === 'string'","                        ? arg","                        : JSON.stringify(arg, null, 4);","                }).join(' ') + '\\n';","                // scroll textarea to bottom","                element.scrollTop = element.scrollHeight;","            };","        });","        // init event-handling","        ['change', 'click', 'keyup'].forEach(function (event) {","            Array.from(document.querySelectorAll('.on' + event)).forEach(function (element) {","                element.addEventListener(event, local.testRunBrowser);","            });","        });","        // run tests","        local.testRunBrowser();","        break;","","","","    // run node js-env code - post-init","    /* istanbul ignore next */","    case 'node':","        // export local","        module.exports = local;","        // require modules","        local.fs = require('fs');","        local.http = require('http');","        local.url = require('url');","        // init assets","        local.assetsDict = local.assetsDict || {};","        /* jslint-ignore-begin */","        local.assetsDict['/assets.index.template.html'] = '\\","<!doctype html>\\n\\","<html lang=\"en\">\\n\\","<head>\\n\\","<meta charset=\"UTF-8\">\\n\\","<meta name=\"viewport\" content=\"width=device-width, initial-scale=1\">\\n\\","<title>{{env.npm_package_name}} (v{{env.npm_package_version}})</title>\\n\\","<style>\\n\\","/*csslint\\n\\","    box-sizing: false,\\n\\","    universal-selector: false\\n\\","*/\\n\\","* {\\n\\","    box-sizing: border-box;\\n\\","}\\n\\","body {\\n\\","    background: #dde;\\n\\","    font-family: Arial, Helvetica, sans-serif;\\n\\","    margin: 2rem;\\n\\","}\\n\\","body > * {\\n\\","    margin-bottom: 1rem;\\n\\","}\\n\\",".utility2FooterDiv {\\n\\","    margin-top: 20px;\\n\\","    text-align: center;\\n\\","}\\n\\","</style>\\n\\","<style>\\n\\","/*csslint\\n\\","*/\\n\\","textarea {\\n\\","    font-family: monospace;\\n\\","    height: 10rem;\\n\\","    width: 100%;\\n\\","}\\n\\","textarea[readonly] {\\n\\","    background: #ddd;\\n\\","}\\n\\","</style>\\n\\","</head>\\n\\","<body>\\n\\","<!-- utility2-comment\\n\\","<div id=\"ajaxProgressDiv1\" style=\"background: #d00; height: 2px; left: 0; margin: 0; padding: 0; position: fixed; top: 0; transition: background 0.5s, width 1.5s; width: 25%;\"></div>\\n\\","utility2-comment -->\\n\\","<h1>\\n\\","<!-- utility2-comment\\n\\","    <a\\n\\","        {{#if env.npm_package_homepage}}\\n\\","        href=\"{{env.npm_package_homepage}}\"\\n\\","        {{/if env.npm_package_homepage}}\\n\\","        target=\"_blank\"\\n\\","    >\\n\\","utility2-comment -->\\n\\","        {{env.npm_package_name}} (v{{env.npm_package_version}})\\n\\","<!-- utility2-comment\\n\\","    </a>\\n\\","utility2-comment -->\\n\\","</h1>\\n\\","<h3>{{env.npm_package_description}}</h3>\\n\\","<!-- utility2-comment\\n\\","<h4><a download href=\"assets.app.js\">download standalone app</a></h4>\\n\\","<button class=\"onclick onreset\" id=\"testRunButton1\">run internal test</button><br>\\n\\","<div id=\"testReportDiv1\" style=\"display: none;\"></div>\\n\\","utility2-comment -->\\n\\","\\n\\","\\n\\","\\n\\","<label>stderr and stdout</label>\\n\\","<textarea class=\"resettable\" id=\"outputTextareaStdout1\" readonly></textarea>\\n\\","<!-- utility2-comment\\n\\","{{#if isRollup}}\\n\\","<script src=\"assets.app.js\"></script>\\n\\","{{#unless isRollup}}\\n\\","utility2-comment -->\\n\\","<script src=\"assets.utility2.rollup.js\"></script>\\n\\","<script src=\"jsonp.utility2._stateInit?callback=window.utility2._stateInit\"></script>\\n\\","<script src=\"assets.npmtest_botbuilder.rollup.js\"></script>\\n\\","<script src=\"assets.example.js\"></script>\\n\\","<script src=\"assets.test.js\"></script>\\n\\","<!-- utility2-comment\\n\\","{{/if isRollup}}\\n\\","utility2-comment -->\\n\\","<div class=\"utility2FooterDiv\">\\n\\","    [ this app was created with\\n\\","    <a href=\"https://github.com/kaizhu256/node-utility2\" target=\"_blank\">utility2</a>\\n\\","    ]\\n\\","</div>\\n\\","</body>\\n\\","</html>\\n\\","';","        /* jslint-ignore-end */","        if (local.templateRender) {","            local.assetsDict['/'] = local.templateRender(","                local.assetsDict['/assets.index.template.html'],","                {","                    env: local.objectSetDefault(local.env, {","                        npm_package_description: 'the greatest app in the world!',","                        npm_package_name: 'my-app',","                        npm_package_nameAlias: 'my_app',","                        npm_package_version: '0.0.1'","                    })","                }","            );","        } else {","            local.assetsDict['/'] = local.assetsDict['/assets.index.template.html']","                .replace((/\\{\\{env\\.(\\w+?)\\}\\}/g), function (match0, match1) {","                    // jslint-hack","                    String(match0);","                    switch (match1) {","                    case 'npm_package_description':","                        return 'the greatest app in the world!';","                    case 'npm_package_name':","                        return 'my-app';","                    case 'npm_package_nameAlias':","                        return 'my_app';","                    case 'npm_package_version':","                        return '0.0.1';","                    }","                });","        }","        // run the cli","        if (local.global.utility2_rollup || module !== require.main) {","            break;","        }","        local.assetsDict['/assets.example.js'] =","            local.assetsDict['/assets.example.js'] ||","            local.fs.readFileSync(__filename, 'utf8');","        // bug-workaround - long $npm_package_buildCustomOrg","        /* jslint-ignore-begin */","        local.assetsDict['/assets.npmtest_botbuilder.rollup.js'] =","            local.assetsDict['/assets.npmtest_botbuilder.rollup.js'] ||","            local.fs.readFileSync(","                local.npmtest_botbuilder.__dirname + '/lib.npmtest_botbuilder.js',","                'utf8'","            ).replace((/^#!/), '//');","        /* jslint-ignore-end */","        local.assetsDict['/favicon.ico'] = local.assetsDict['/favicon.ico'] || '';","        // if $npm_config_timeout_exit exists,","        // then exit this process after $npm_config_timeout_exit ms","        if (Number(process.env.npm_config_timeout_exit)) {","            setTimeout(process.exit, Number(process.env.npm_config_timeout_exit));","        }","        // start server","        if (local.global.utility2_serverHttp1) {","            break;","        }","        process.env.PORT = process.env.PORT || '8081';","        console.error('server starting on port ' + process.env.PORT);","        local.http.createServer(function (request, response) {","            request.urlParsed = local.url.parse(request.url);","            if (local.assetsDict[request.urlParsed.pathname] !== undefined) {","                response.end(local.assetsDict[request.urlParsed.pathname]);","                return;","            }","            response.statusCode = 404;","            response.end();","        }).listen(process.env.PORT);","        break;","    }","}());",""],"l":{"26":2,"28":2,"33":2,"35":2,"37":2,"38":2,"39":2,"44":1,"51":2,"55":2,"59":2,"61":2,"69":1,"70":2,"76":2,"79":2,"82":2,"83":2,"85":1,"89":2,"92":1,"93":1,"94":1,"96":1,"97":1,"100":1,"101":1,"103":1,"106":1,"108":2,"114":1,"116":1,"118":1,"123":1,"124":2,"125":2,"126":3,"127":3,"128":3,"129":3,"130":1,"133":3,"134":3,"139":3,"143":1,"144":3,"145":1,"149":1,"150":1,"158":1,"160":1,"161":1,"162":1,"164":1,"166":1,"258":1,"259":1,"271":1,"274":6,"275":6,"277":1,"279":2,"281":1,"283":2,"288":1,"289":1,"291":1,"296":1,"303":1,"306":1,"307":1,"310":1,"311":1,"313":1,"314":1,"315":1,"316":1,"317":1,"318":1,"319":1,"321":1,"322":1,"324":1}},"/home/travis/build/npmtest/node-npmtest-botbuilder/node_modules/botbuilder/lib/botbuilder.js":{"path":"/home/travis/build/npmtest/node-npmtest-botbuilder/node_modules/botbuilder/lib/botbuilder.js","s":{"1":1,"2":1,"3":1,"4":1,"5":1,"6":1,"7":1,"8":1,"9":1,"10":1,"11":1,"12":1,"13":1,"14":1,"15":1,"16":1,"17":1,"18":1,"19":1,"20":1,"21":1,"22":1,"23":1,"24":1,"25":1,"26":1,"27":1,"28":1,"29":1,"30":1,"31":1,"32":1,"33":1,"34":1,"35":1,"36":1,"37":1,"38":1,"39":1,"40":1,"41":1,"42":1,"43":1,"44":1,"45":1,"46":1,"47":1,"48":1,"49":1,"50":1,"51":1,"52":1,"53":1,"54":1,"55":1,"56":1,"57":1,"58":1,"59":1,"60":1,"61":1,"62":1,"63":1,"64":1,"65":1,"66":1,"67":1,"68":1,"69":1,"70":1,"71":1,"72":1,"73":1,"74":1,"75":1,"76":1},"b":{},"f":{},"fnMap":{},"statementMap":{"1":{"start":{"line":2,"column":0},"end":{"line":2,"column":35}},"2":{"start":{"line":3,"column":0},"end":{"line":3,"column":35}},"3":{"start":{"line":4,"column":0},"end":{"line":4,"column":41}},"4":{"start":{"line":5,"column":0},"end":{"line":5,"column":53}},"5":{"start":{"line":6,"column":0},"end":{"line":6,"column":43}},"6":{"start":{"line":7,"column":0},"end":{"line":7,"column":53}},"7":{"start":{"line":8,"column":0},"end":{"line":8,"column":61}},"8":{"start":{"line":9,"column":0},"end":{"line":9,"column":40}},"9":{"start":{"line":10,"column":0},"end":{"line":10,"column":50}},"10":{"start":{"line":11,"column":0},"end":{"line":11,"column":52}},"11":{"start":{"line":12,"column":0},"end":{"line":12,"column":58}},"12":{"start":{"line":13,"column":0},"end":{"line":13,"column":49}},"13":{"start":{"line":14,"column":0},"end":{"line":14,"column":47}},"14":{"start":{"line":15,"column":0},"end":{"line":15,"column":43}},"15":{"start":{"line":16,"column":0},"end":{"line":16,"column":45}},"16":{"start":{"line":17,"column":0},"end":{"line":17,"column":49}},"17":{"start":{"line":18,"column":0},"end":{"line":18,"column":47}},"18":{"start":{"line":19,"column":0},"end":{"line":19,"column":53}},"19":{"start":{"line":20,"column":0},"end":{"line":20,"column":45}},"20":{"start":{"line":21,"column":0},"end":{"line":21,"column":45}},"21":{"start":{"line":22,"column":0},"end":{"line":22,"column":53}},"22":{"start":{"line":23,"column":0},"end":{"line":23,"column":45}},"23":{"start":{"line":24,"column":0},"end":{"line":24,"column":45}},"24":{"start":{"line":25,"column":0},"end":{"line":25,"column":43}},"25":{"start":{"line":26,"column":0},"end":{"line":26,"column":52}},"26":{"start":{"line":27,"column":0},"end":{"line":27,"column":67}},"27":{"start":{"line":28,"column":0},"end":{"line":28,"column":61}},"28":{"start":{"line":29,"column":0},"end":{"line":29,"column":57}},"29":{"start":{"line":30,"column":0},"end":{"line":30,"column":53}},"30":{"start":{"line":31,"column":0},"end":{"line":31,"column":34}},"31":{"start":{"line":32,"column":0},"end":{"line":32,"column":34}},"32":{"start":{"line":33,"column":0},"end":{"line":33,"column":52}},"33":{"start":{"line":34,"column":0},"end":{"line":34,"column":40}},"34":{"start":{"line":35,"column":0},"end":{"line":35,"column":43}},"35":{"start":{"line":36,"column":0},"end":{"line":36,"column":37}},"36":{"start":{"line":37,"column":0},"end":{"line":37,"column":40}},"37":{"start":{"line":38,"column":0},"end":{"line":38,"column":40}},"38":{"start":{"line":39,"column":0},"end":{"line":39,"column":52}},"39":{"start":{"line":40,"column":0},"end":{"line":40,"column":40}},"40":{"start":{"line":41,"column":0},"end":{"line":41,"column":40}},"41":{"start":{"line":42,"column":0},"end":{"line":42,"column":40}},"42":{"start":{"line":43,"column":0},"end":{"line":43,"column":46}},"43":{"start":{"line":44,"column":0},"end":{"line":44,"column":46}},"44":{"start":{"line":45,"column":0},"end":{"line":45,"column":32}},"45":{"start":{"line":46,"column":0},"end":{"line":46,"column":43}},"46":{"start":{"line":47,"column":0},"end":{"line":47,"column":52}},"47":{"start":{"line":48,"column":0},"end":{"line":48,"column":37}},"48":{"start":{"line":49,"column":0},"end":{"line":49,"column":31}},"49":{"start":{"line":50,"column":0},"end":{"line":50,"column":43}},"50":{"start":{"line":51,"column":0},"end":{"line":51,"column":49}},"51":{"start":{"line":52,"column":0},"end":{"line":52,"column":40}},"52":{"start":{"line":53,"column":0},"end":{"line":53,"column":38}},"53":{"start":{"line":54,"column":0},"end":{"line":54,"column":34}},"54":{"start":{"line":55,"column":0},"end":{"line":55,"column":64}},"55":{"start":{"line":56,"column":0},"end":{"line":56,"column":60}},"56":{"start":{"line":57,"column":0},"end":{"line":57,"column":70}},"57":{"start":{"line":58,"column":0},"end":{"line":58,"column":49}},"58":{"start":{"line":59,"column":0},"end":{"line":59,"column":51}},"59":{"start":{"line":60,"column":0},"end":{"line":60,"column":55}},"60":{"start":{"line":61,"column":0},"end":{"line":61,"column":61}},"61":{"start":{"line":62,"column":0},"end":{"line":62,"column":49}},"62":{"start":{"line":63,"column":0},"end":{"line":63,"column":61}},"63":{"start":{"line":64,"column":0},"end":{"line":64,"column":34}},"64":{"start":{"line":65,"column":0},"end":{"line":65,"column":49}},"65":{"start":{"line":66,"column":0},"end":{"line":66,"column":52}},"66":{"start":{"line":67,"column":0},"end":{"line":67,"column":61}},"67":{"start":{"line":68,"column":0},"end":{"line":68,"column":55}},"68":{"start":{"line":69,"column":0},"end":{"line":69,"column":43}},"69":{"start":{"line":70,"column":0},"end":{"line":70,"column":60}},"70":{"start":{"line":71,"column":0},"end":{"line":71,"column":54}},"71":{"start":{"line":72,"column":0},"end":{"line":72,"column":57}},"72":{"start":{"line":73,"column":0},"end":{"line":73,"column":51}},"73":{"start":{"line":74,"column":0},"end":{"line":74,"column":56}},"74":{"start":{"line":75,"column":0},"end":{"line":75,"column":45}},"75":{"start":{"line":76,"column":0},"end":{"line":76,"column":51}},"76":{"start":{"line":77,"column":0},"end":{"line":77,"column":39}}},"branchMap":{},"code":["\"use strict\";","var Session = require(\"./Session\");","var Message = require(\"./Message\");","var Dialog = require(\"./dialogs/Dialog\");","var DialogAction = require(\"./dialogs/DialogAction\");","var Prompts = require(\"./dialogs/Prompts\");","var SimpleDialog = require(\"./dialogs/SimpleDialog\");","var EntityRecognizer = require(\"./dialogs/EntityRecognizer\");","var Library = require(\"./bots/Library\");","var UniversalBot = require(\"./bots/UniversalBot\");","var ChatConnector = require(\"./bots/ChatConnector\");","var ConsoleConnector = require(\"./bots/ConsoleConnector\");","var BotStorage = require(\"./storage/BotStorage\");","var CardAction = require(\"./cards/CardAction\");","var HeroCard = require(\"./cards/HeroCard\");","var CardImage = require(\"./cards/CardImage\");","var ReceiptCard = require(\"./cards/ReceiptCard\");","var SigninCard = require(\"./cards/SigninCard\");","var ThumbnailCard = require(\"./cards/ThumbnailCard\");","var VideoCard = require(\"./cards/VideoCard\");","var AudioCard = require(\"./cards/AudioCard\");","var AnimationCard = require(\"./cards/AnimationCard\");","var MediaCard = require(\"./cards/MediaCard\");","var CardMedia = require(\"./cards/CardMedia\");","var Keyboard = require(\"./cards/Keyboard\");","var Middleware = require(\"./middleware/Middleware\");","var IntentRecognizerSet = require(\"./dialogs/IntentRecognizerSet\");","var RegExpRecognizer = require(\"./dialogs/RegExpRecognizer\");","var LuisRecognizer = require(\"./dialogs/LuisRecognizer\");","var IntentDialog = require(\"./dialogs/IntentDialog\");","exports.Session = Session.Session;","exports.Message = Message.Message;","exports.AttachmentLayout = Message.AttachmentLayout;","exports.TextFormat = Message.TextFormat;","exports.CardAction = CardAction.CardAction;","exports.HeroCard = HeroCard.HeroCard;","exports.VideoCard = VideoCard.VideoCard;","exports.AudioCard = AudioCard.AudioCard;","exports.AnimationCard = AnimationCard.AnimationCard;","exports.MediaCard = MediaCard.MediaCard;","exports.CardMedia = CardMedia.CardMedia;","exports.CardImage = CardImage.CardImage;","exports.ReceiptCard = ReceiptCard.ReceiptCard;","exports.ReceiptItem = ReceiptCard.ReceiptItem;","exports.Fact = ReceiptCard.Fact;","exports.SigninCard = SigninCard.SigninCard;","exports.ThumbnailCard = ThumbnailCard.ThumbnailCard;","exports.Keyboard = Keyboard.Keyboard;","exports.Dialog = Dialog.Dialog;","exports.ResumeReason = Dialog.ResumeReason;","exports.DialogAction = DialogAction.DialogAction;","exports.PromptType = Prompts.PromptType;","exports.ListStyle = Prompts.ListStyle;","exports.Prompts = Prompts.Prompts;","exports.SimplePromptRecognizer = Prompts.SimplePromptRecognizer;","exports.RecognizeOrder = IntentRecognizerSet.RecognizeOrder;","exports.IntentRecognizerSet = IntentRecognizerSet.IntentRecognizerSet;","exports.IntentDialog = IntentDialog.IntentDialog;","exports.RecognizeMode = IntentDialog.RecognizeMode;","exports.LuisRecognizer = LuisRecognizer.LuisRecognizer;","exports.RegExpRecognizer = RegExpRecognizer.RegExpRecognizer;","exports.SimpleDialog = SimpleDialog.SimpleDialog;","exports.EntityRecognizer = EntityRecognizer.EntityRecognizer;","exports.Library = Library.Library;","exports.UniversalBot = UniversalBot.UniversalBot;","exports.ChatConnector = ChatConnector.ChatConnector;","exports.ConsoleConnector = ConsoleConnector.ConsoleConnector;","exports.MemoryBotStorage = BotStorage.MemoryBotStorage;","exports.Middleware = Middleware.Middleware;","var deprecatedBCB = require(\"./deprecated/BotConnectorBot\");","var deprecatedLD = require(\"./deprecated/LuisDialog\");","var deprecatedCD = require(\"./deprecated/CommandDialog\");","var deprecatedTB = require(\"./deprecated/TextBot\");","exports.BotConnectorBot = deprecatedBCB.BotConnectorBot;","exports.LuisDialog = deprecatedLD.LuisDialog;","exports.CommandDialog = deprecatedCD.CommandDialog;","exports.TextBot = deprecatedTB.TextBot;",""],"l":{"2":1,"3":1,"4":1,"5":1,"6":1,"7":1,"8":1,"9":1,"10":1,"11":1,"12":1,"13":1,"14":1,"15":1,"16":1,"17":1,"18":1,"19":1,"20":1,"21":1,"22":1,"23":1,"24":1,"25":1,"26":1,"27":1,"28":1,"29":1,"30":1,"31":1,"32":1,"33":1,"34":1,"35":1,"36":1,"37":1,"38":1,"39":1,"40":1,"41":1,"42":1,"43":1,"44":1,"45":1,"46":1,"47":1,"48":1,"49":1,"50":1,"51":1,"52":1,"53":1,"54":1,"55":1,"56":1,"57":1,"58":1,"59":1,"60":1,"61":1,"62":1,"63":1,"64":1,"65":1,"66":1,"67":1,"68":1,"69":1,"70":1,"71":1,"72":1,"73":1,"74":1,"75":1,"76":1,"77":1}},"/home/travis/build/npmtest/node-npmtest-botbuilder/node_modules/botbuilder/lib/Session.js":{"path":"/home/travis/build/npmtest/node-npmtest-botbuilder/node_modules/botbuilder/lib/Session.js","s":{"1":1,"2":1,"3":5,"4":5,"5":1,"6":1,"7":1,"8":1,"9":1,"10":1,"11":1,"12":1,"13":1,"14":1,"15":1,"16":1,"17":0,"18":0,"19":0,"20":0,"21":0,"22":0,"23":0,"24":0,"25":0,"26":0,"27":0,"28":0,"29":0,"30":0,"31":0,"32":0,"33":1,"34":0,"35":0,"36":0,"37":0,"38":0,"39":0,"40":0,"41":0,"42":0,"43":0,"44":0,"45":0,"46":1,"47":0,"48":0,"49":0,"50":0,"51":0,"52":0,"53":0,"54":0,"55":0,"56":0,"57":0,"58":0,"59":0,"60":0,"61":0,"62":0,"63":0,"64":0,"65":0,"66":0,"67":0,"68":0,"69":0,"70":0,"71":0,"72":0,"73":0,"74":1,"75":0,"76":0,"77":0,"78":0,"79":0,"80":0,"81":0,"82":0,"83":0,"84":1,"85":0,"86":0,"87":0,"88":0,"89":0,"90":0,"91":0,"92":0,"93":0,"94":0,"95":0,"96":0,"97":0,"98":0,"99":1,"100":0,"101":0,"102":0,"103":0,"104":1,"105":0,"106":0,"107":0,"108":0,"109":0,"110":0,"111":0,"112":1,"113":0,"114":0,"115":0,"116":1,"117":0,"118":0,"119":0,"120":0,"121":0,"122":1,"123":0,"124":0,"125":0,"126":0,"127":0,"128":0,"129":0,"130":0,"131":0,"132":0,"133":0,"134":0,"135":0,"136":0,"137":0,"138":0,"139":1,"140":0,"141":0,"142":0,"143":0,"144":0,"145":0,"146":0,"147":1,"148":0,"149":1,"150":0,"151":0,"152":0,"153":0,"154":0,"155":0,"156":0,"157":0,"158":0,"159":1,"160":0,"161":0,"162":0,"163":0,"164":0,"165":0,"166":0,"167":0,"168":0,"169":0,"170":1,"171":0,"172":0,"173":0,"174":0,"175":0,"176":0,"177":0,"178":0,"179":0,"180":0,"181":0,"182":0,"183":0,"184":0,"185":0,"186":0,"187":0,"188":0,"189":0,"190":1,"191":0,"192":0,"193":0,"194":0,"195":0,"196":0,"197":0,"198":0,"199":0,"200":0,"201":0,"202":0,"203":0,"204":0,"205":0,"206":0,"207":0,"208":0,"209":0,"210":0,"211":0,"212":0,"213":0,"214":0,"215":0,"216":0,"217":0,"218":0,"219":1,"220":0,"221":0,"222":0,"223":0,"224":0,"225":0,"226":0,"227":0,"228":0,"229":0,"230":0,"231":0,"232":0,"233":0,"234":0,"235":1,"236":0,"237":0,"238":0,"239":0,"240":0,"241":0,"242":0,"243":0,"244":0,"245":0,"246":0,"247":0,"248":0,"249":0,"250":0,"251":0,"252":0,"253":1,"254":0,"255":0,"256":0,"257":0,"258":0,"259":0,"260":0,"261":0,"262":1,"263":0,"264":1,"265":0,"266":0,"267":0,"268":0,"269":0,"270":0,"271":0,"272":0,"273":0,"274":0,"275":0,"276":0,"277":0,"278":0,"279":0,"280":0,"281":0,"282":0,"283":0,"284":0,"285":0,"286":0,"287":0,"288":0,"289":0,"290":0,"291":0,"292":0,"293":0,"294":0,"295":0,"296":0,"297":0,"298":0,"299":0,"300":0,"301":0,"302":1,"303":0,"304":0,"305":0,"306":0,"307":0,"308":0,"309":0,"310":0,"311":1,"312":0,"313":0,"314":0,"315":1,"316":0,"317":0,"318":0,"319":0,"320":1,"321":0,"322":0,"323":0,"324":0,"325":0,"326":0,"327":0,"328":0,"329":1,"330":0,"331":1,"332":0,"333":0,"334":0,"335":0,"336":0,"337":1,"338":0,"339":0,"340":0,"341":1,"342":0,"343":0,"344":0,"345":1,"346":0,"347":0,"348":0,"349":0,"350":0,"351":0,"352":1,"353":0,"354":0,"355":0,"356":0,"357":0,"358":0,"359":0,"360":0,"361":1,"362":0,"363":0,"364":0,"365":0,"366":0,"367":0,"368":0,"369":1,"370":0,"371":0,"372":1,"373":0,"374":0,"375":0,"376":0,"377":0,"378":0,"379":1,"380":0,"381":0,"382":0,"383":0,"384":0,"385":1,"386":0,"387":0,"388":0,"389":0,"390":0,"391":0,"392":1,"393":0,"394":1,"395":0,"396":0,"397":1,"398":0,"399":0,"400":1,"401":0,"402":0,"403":0,"404":0,"405":0,"406":0,"407":0,"408":1,"409":0,"410":0,"411":0,"412":0,"413":0,"414":0,"415":1,"416":0,"417":0,"418":0,"419":0,"420":0,"421":0,"422":0,"423":0,"424":0,"425":0,"426":0,"427":0,"428":0,"429":0,"430":1,"431":0,"432":0,"433":0,"434":0,"435":0,"436":1,"437":0,"438":0,"439":1,"440":1},"b":{"1":[1,1,1],"2":[5,0],"3":[0,1],"4":[0,0],"5":[0,0],"6":[0,0],"7":[0,0],"8":[0,0],"9":[0,0],"10":[0,0],"11":[0,0],"12":[0,0],"13":[0,0],"14":[0,0],"15":[0,0],"16":[0,0],"17":[0,0],"18":[0,0],"19":[0,0],"20":[0,0],"21":[0,0],"22":[0,0],"23":[0,0],"24":[0,0],"25":[0,0],"26":[0,0],"27":[0,0],"28":[0,0],"29":[0,0],"30":[0,0],"31":[0,0],"32":[0,0],"33":[0,0],"34":[0,0],"35":[0,0],"36":[0,0],"37":[0,0],"38":[0,0],"39":[0,0,0,0],"40":[0,0],"41":[0,0],"42":[0,0],"43":[0,0],"44":[0,0],"45":[0,0],"46":[0,0],"47":[0,0],"48":[0,0],"49":[0,0],"50":[0,0],"51":[0,0],"52":[0,0],"53":[0,0],"54":[0,0],"55":[0,0],"56":[0,0],"57":[0,0],"58":[0,0],"59":[0,0],"60":[0,0],"61":[0,0],"62":[0,0],"63":[0,0],"64":[0,0],"65":[0,0],"66":[0,0],"67":[0,0],"68":[0,0],"69":[0,0],"70":[0,0],"71":[0,0],"72":[0,0],"73":[0,0],"74":[0,0],"75":[0,0],"76":[0,0],"77":[0,0],"78":[0,0],"79":[0,0],"80":[0,0],"81":[0,0],"82":[0,0],"83":[0,0],"84":[0,0],"85":[0,0],"86":[0,0],"87":[0,0],"88":[0,0],"89":[0,0],"90":[0,0],"91":[0,0],"92":[0,0],"93":[0,0],"94":[0,0],"95":[0,0],"96":[0,0],"97":[0,0],"98":[0,0],"99":[0,0],"100":[0,0],"101":[0,0],"102":[0,0],"103":[0,0],"104":[0,0],"105":[0,0],"106":[0,0],"107":[0,0],"108":[0,0],"109":[0,0],"110":[0,0],"111":[0,0],"112":[0,0],"113":[0,0],"114":[0,0],"115":[0,0],"116":[0,0],"117":[0,0],"118":[0,0],"119":[0,0]},"f":{"1":1,"2":1,"3":1,"4":0,"5":0,"6":0,"7":0,"8":0,"9":0,"10":0,"11":0,"12":0,"13":0,"14":0,"15":0,"16":0,"17":0,"18":0,"19":0,"20":0,"21":0,"22":0,"23":0,"24":0,"25":0,"26":0,"27":0,"28":0,"29":0,"30":0,"31":0,"32":0,"33":0,"34":0,"35":0,"36":0,"37":0,"38":0,"39":0,"40":0,"41":0,"42":0,"43":0,"44":0,"45":0,"46":0,"47":0,"48":0,"49":0,"50":0,"51":0,"52":0,"53":0,"54":0,"55":0,"56":0,"57":0},"fnMap":{"1":{"name":"(anonymous_1)","line":2,"loc":{"start":{"line":2,"column":44},"end":{"line":2,"column":60}}},"2":{"name":"__","line":4,"loc":{"start":{"line":4,"column":4},"end":{"line":4,"column":18}}},"3":{"name":"(anonymous_3)","line":13,"loc":{"start":{"line":13,"column":15},"end":{"line":13,"column":33}}},"4":{"name":"Session","line":15,"loc":{"start":{"line":15,"column":4},"end":{"line":15,"column":30}}},"5":{"name":"(anonymous_5)","line":34,"loc":{"start":{"line":34,"column":43},"end":{"line":34,"column":55}}},"6":{"name":"(anonymous_6)","line":42,"loc":{"start":{"line":42,"column":25},"end":{"line":42,"column":37}}},"7":{"name":"(anonymous_7)","line":43,"loc":{"start":{"line":43,"column":29},"end":{"line":43,"column":41}}},"8":{"name":"(anonymous_8)","line":44,"loc":{"start":{"line":44,"column":21},"end":{"line":44,"column":33}}},"9":{"name":"(anonymous_9)","line":51,"loc":{"start":{"line":51,"column":22},"end":{"line":51,"column":34}}},"10":{"name":"(anonymous_10)","line":61,"loc":{"start":{"line":61,"column":33},"end":{"line":61,"column":72}}},"11":{"name":"(anonymous_11)","line":67,"loc":{"start":{"line":67,"column":19},"end":{"line":67,"column":31}}},"12":{"name":"(anonymous_12)","line":90,"loc":{"start":{"line":90,"column":36},"end":{"line":90,"column":51}}},"13":{"name":"(anonymous_13)","line":100,"loc":{"start":{"line":100,"column":30},"end":{"line":100,"column":45}}},"14":{"name":"(anonymous_14)","line":114,"loc":{"start":{"line":114,"column":40},"end":{"line":114,"column":68}}},"15":{"name":"(anonymous_15)","line":137,"loc":{"start":{"line":137,"column":32},"end":{"line":137,"column":53}}},"16":{"name":"(anonymous_16)","line":144,"loc":{"start":{"line":144,"column":33},"end":{"line":144,"column":79}}},"17":{"name":"(anonymous_17)","line":157,"loc":{"start":{"line":157,"column":29},"end":{"line":157,"column":41}}},"18":{"name":"(anonymous_18)","line":162,"loc":{"start":{"line":162,"column":29},"end":{"line":162,"column":48}}},"19":{"name":"(anonymous_19)","line":170,"loc":{"start":{"line":170,"column":38},"end":{"line":170,"column":80}}},"20":{"name":"(anonymous_20)","line":194,"loc":{"start":{"line":194,"column":35},"end":{"line":194,"column":47}}},"21":{"name":"(anonymous_21)","line":203,"loc":{"start":{"line":203,"column":36},"end":{"line":203,"column":48}}},"22":{"name":"(anonymous_22)","line":206,"loc":{"start":{"line":206,"column":36},"end":{"line":206,"column":56}}},"23":{"name":"(anonymous_23)","line":218,"loc":{"start":{"line":218,"column":38},"end":{"line":218,"column":58}}},"24":{"name":"(anonymous_24)","line":231,"loc":{"start":{"line":231,"column":40},"end":{"line":231,"column":59}}},"25":{"name":"(anonymous_25)","line":258,"loc":{"start":{"line":258,"column":34},"end":{"line":258,"column":53}}},"26":{"name":"(anonymous_26)","line":300,"loc":{"start":{"line":300,"column":44},"end":{"line":300,"column":62}}},"27":{"name":"(anonymous_27)","line":323,"loc":{"start":{"line":323,"column":37},"end":{"line":323,"column":89}}},"28":{"name":"(anonymous_28)","line":349,"loc":{"start":{"line":349,"column":30},"end":{"line":349,"column":62}}},"29":{"name":"(anonymous_29)","line":360,"loc":{"start":{"line":360,"column":32},"end":{"line":360,"column":44}}},"30":{"name":"(anonymous_30)","line":363,"loc":{"start":{"line":363,"column":34},"end":{"line":363,"column":54}}},"31":{"name":"(anonymous_31)","line":382,"loc":{"start":{"line":382,"column":28},"end":{"line":382,"column":43}}},"32":{"name":"(anonymous_32)","line":385,"loc":{"start":{"line":385,"column":48},"end":{"line":385,"column":63}}},"33":{"name":"(anonymous_33)","line":421,"loc":{"start":{"line":421,"column":36},"end":{"line":421,"column":56}}},"34":{"name":"(anonymous_34)","line":435,"loc":{"start":{"line":435,"column":41},"end":{"line":435,"column":53}}},"35":{"name":"(anonymous_35)","line":440,"loc":{"start":{"line":440,"column":38},"end":{"line":440,"column":68}}},"36":{"name":"(anonymous_36)","line":447,"loc":{"start":{"line":447,"column":35},"end":{"line":447,"column":71}}},"37":{"name":"(anonymous_37)","line":458,"loc":{"start":{"line":458,"column":37},"end":{"line":458,"column":54}}},"38":{"name":"(anonymous_38)","line":461,"loc":{"start":{"line":461,"column":35},"end":{"line":461,"column":59}}},"39":{"name":"(anonymous_39)","line":469,"loc":{"start":{"line":469,"column":34},"end":{"line":469,"column":51}}},"40":{"name":"(anonymous_40)","line":475,"loc":{"start":{"line":475,"column":31},"end":{"line":475,"column":55}}},"41":{"name":"(anonymous_41)","line":481,"loc":{"start":{"line":481,"column":34},"end":{"line":481,"column":57}}},"42":{"name":"(anonymous_42)","line":483,"loc":{"start":{"line":483,"column":54},"end":{"line":483,"column":71}}},"43":{"name":"(anonymous_43)","line":491,"loc":{"start":{"line":491,"column":44},"end":{"line":491,"column":71}}},"44":{"name":"(anonymous_44)","line":507,"loc":{"start":{"line":507,"column":35},"end":{"line":507,"column":47}}},"45":{"name":"(anonymous_45)","line":514,"loc":{"start":{"line":514,"column":41},"end":{"line":514,"column":53}}},"46":{"name":"(anonymous_46)","line":519,"loc":{"start":{"line":519,"column":38},"end":{"line":519,"column":83}}},"47":{"name":"(anonymous_47)","line":524,"loc":{"start":{"line":524,"column":39},"end":{"line":524,"column":54}}},"48":{"name":"(anonymous_48)","line":535,"loc":{"start":{"line":535,"column":33},"end":{"line":535,"column":83}}},"49":{"name":"(anonymous_49)","line":545,"loc":{"start":{"line":545,"column":42},"end":{"line":545,"column":54}}},"50":{"name":"(anonymous_50)","line":555,"loc":{"start":{"line":555,"column":40},"end":{"line":555,"column":54}}},"51":{"name":"(anonymous_51)","line":558,"loc":{"start":{"line":558,"column":39},"end":{"line":558,"column":51}}},"52":{"name":"(anonymous_52)","line":562,"loc":{"start":{"line":562,"column":35},"end":{"line":562,"column":49}}},"53":{"name":"(anonymous_53)","line":566,"loc":{"start":{"line":566,"column":35},"end":{"line":566,"column":49}}},"54":{"name":"(anonymous_54)","line":576,"loc":{"start":{"line":576,"column":34},"end":{"line":576,"column":46}}},"55":{"name":"(anonymous_55)","line":585,"loc":{"start":{"line":585,"column":38},"end":{"line":585,"column":58}}},"56":{"name":"(anonymous_56)","line":607,"loc":{"start":{"line":607,"column":34},"end":{"line":607,"column":46}}},"57":{"name":"(anonymous_57)","line":615,"loc":{"start":{"line":615,"column":43},"end":{"line":615,"column":55}}}},"statementMap":{"1":{"start":{"line":2,"column":0},"end":{"line":6,"column":2}},"2":{"start":{"line":3,"column":4},"end":{"line":3,"column":58}},"3":{"start":{"line":3,"column":21},"end":{"line":3,"column":58}},"4":{"start":{"line":3,"column":46},"end":{"line":3,"column":58}},"5":{"start":{"line":4,"column":4},"end":{"line":4,"column":43}},"6":{"start":{"line":4,"column":20},"end":{"line":4,"column":41}},"7":{"start":{"line":5,"column":4},"end":{"line":5,"column":89}},"8":{"start":{"line":7,"column":0},"end":{"line":7,"column":43}},"9":{"start":{"line":8,"column":0},"end":{"line":8,"column":37}},"10":{"start":{"line":9,"column":0},"end":{"line":9,"column":33}},"11":{"start":{"line":10,"column":0},"end":{"line":10,"column":33}},"12":{"start":{"line":11,"column":0},"end":{"line":11,"column":36}},"13":{"start":{"line":12,"column":0},"end":{"line":12,"column":31}},"14":{"start":{"line":13,"column":0},"end":{"line":620,"column":24}},"15":{"start":{"line":14,"column":4},"end":{"line":14,"column":31}},"16":{"start":{"line":15,"column":4},"end":{"line":33,"column":5}},"17":{"start":{"line":16,"column":8},"end":{"line":16,"column":46}},"18":{"start":{"line":17,"column":8},"end":{"line":17,"column":32}},"19":{"start":{"line":18,"column":8},"end":{"line":18,"column":30}},"20":{"start":{"line":19,"column":8},"end":{"line":19,"column":31}},"21":{"start":{"line":20,"column":8},"end":{"line":20,"column":50}},"22":{"start":{"line":21,"column":8},"end":{"line":21,"column":25}},"23":{"start":{"line":22,"column":8},"end":{"line":22,"column":35}},"24":{"start":{"line":23,"column":8},"end":{"line":23,"column":35}},"25":{"start":{"line":24,"column":8},"end":{"line":24,"column":35}},"26":{"start":{"line":25,"column":8},"end":{"line":25,"column":29}},"27":{"start":{"line":26,"column":8},"end":{"line":26,"column":31}},"28":{"start":{"line":27,"column":8},"end":{"line":27,"column":40}},"29":{"start":{"line":28,"column":8},"end":{"line":28,"column":44}},"30":{"start":{"line":29,"column":8},"end":{"line":31,"column":9}},"31":{"start":{"line":30,"column":12},"end":{"line":30,"column":47}},"32":{"start":{"line":32,"column":8},"end":{"line":32,"column":21}},"33":{"start":{"line":34,"column":4},"end":{"line":60,"column":6}},"34":{"start":{"line":35,"column":8},"end":{"line":35,"column":25}},"35":{"start":{"line":36,"column":8},"end":{"line":59,"column":10}},"36":{"start":{"line":42,"column":39},"end":{"line":42,"column":66}},"37":{"start":{"line":43,"column":43},"end":{"line":43,"column":74}},"38":{"start":{"line":45,"column":16},"end":{"line":45,"column":30}},"39":{"start":{"line":46,"column":16},"end":{"line":48,"column":17}},"40":{"start":{"line":47,"column":20},"end":{"line":47,"column":45}},"41":{"start":{"line":49,"column":16},"end":{"line":49,"column":67}},"42":{"start":{"line":52,"column":16},"end":{"line":52,"column":30}},"43":{"start":{"line":53,"column":16},"end":{"line":55,"column":17}},"44":{"start":{"line":54,"column":20},"end":{"line":54,"column":45}},"45":{"start":{"line":56,"column":16},"end":{"line":56,"column":68}},"46":{"start":{"line":61,"column":4},"end":{"line":99,"column":6}},"47":{"start":{"line":62,"column":8},"end":{"line":62,"column":25}},"48":{"start":{"line":63,"column":8},"end":{"line":63,"column":22}},"49":{"start":{"line":64,"column":8},"end":{"line":64,"column":27}},"50":{"start":{"line":65,"column":8},"end":{"line":65,"column":39}},"51":{"start":{"line":66,"column":8},"end":{"line":66,"column":55}},"52":{"start":{"line":67,"column":8},"end":{"line":78,"column":10}},"53":{"start":{"line":68,"column":12},"end":{"line":68,"column":79}},"54":{"start":{"line":69,"column":12},"end":{"line":77,"column":13}},"55":{"start":{"line":70,"column":16},"end":{"line":70,"column":24}},"56":{"start":{"line":71,"column":16},"end":{"line":71,"column":39}},"57":{"start":{"line":74,"column":16},"end":{"line":74,"column":43}},"58":{"start":{"line":75,"column":16},"end":{"line":75,"column":52}},"59":{"start":{"line":76,"column":16},"end":{"line":76,"column":23}},"60":{"start":{"line":79,"column":8},"end":{"line":79,"column":93}},"61":{"start":{"line":80,"column":8},"end":{"line":80,"column":35}},"62":{"start":{"line":81,"column":8},"end":{"line":83,"column":9}},"63":{"start":{"line":82,"column":12},"end":{"line":82,"column":40}},"64":{"start":{"line":84,"column":8},"end":{"line":84,"column":33}},"65":{"start":{"line":85,"column":8},"end":{"line":85,"column":49}},"66":{"start":{"line":86,"column":8},"end":{"line":88,"column":9}},"67":{"start":{"line":87,"column":12},"end":{"line":87,"column":51}},"68":{"start":{"line":89,"column":8},"end":{"line":89,"column":44}},"69":{"start":{"line":90,"column":8},"end":{"line":97,"column":11}},"70":{"start":{"line":91,"column":12},"end":{"line":96,"column":13}},"71":{"start":{"line":92,"column":16},"end":{"line":92,"column":33}},"72":{"start":{"line":95,"column":16},"end":{"line":95,"column":23}},"73":{"start":{"line":98,"column":8},"end":{"line":98,"column":20}},"74":{"start":{"line":100,"column":4},"end":{"line":113,"column":6}},"75":{"start":{"line":101,"column":8},"end":{"line":101,"column":45}},"76":{"start":{"line":102,"column":8},"end":{"line":108,"column":9}},"77":{"start":{"line":103,"column":12},"end":{"line":103,"column":66}},"78":{"start":{"line":106,"column":12},"end":{"line":106,"column":48}},"79":{"start":{"line":107,"column":12},"end":{"line":107,"column":105}},"80":{"start":{"line":109,"column":8},"end":{"line":109,"column":31}},"81":{"start":{"line":110,"column":8},"end":{"line":110,"column":56}},"82":{"start":{"line":111,"column":8},"end":{"line":111,"column":32}},"83":{"start":{"line":112,"column":8},"end":{"line":112,"column":20}},"84":{"start":{"line":114,"column":4},"end":{"line":136,"column":6}},"85":{"start":{"line":115,"column":8},"end":{"line":134,"column":9}},"86":{"start":{"line":116,"column":12},"end":{"line":116,"column":34}},"87":{"start":{"line":117,"column":12},"end":{"line":119,"column":13}},"88":{"start":{"line":118,"column":16},"end":{"line":118,"column":68}},"89":{"start":{"line":120,"column":12},"end":{"line":122,"column":13}},"90":{"start":{"line":121,"column":16},"end":{"line":121,"column":54}},"91":{"start":{"line":124,"column":13},"end":{"line":134,"column":9}},"92":{"start":{"line":125,"column":12},"end":{"line":133,"column":13}},"93":{"start":{"line":126,"column":16},"end":{"line":126,"column":74}},"94":{"start":{"line":128,"column":17},"end":{"line":133,"column":13}},"95":{"start":{"line":129,"column":16},"end":{"line":129,"column":55}},"96":{"start":{"line":131,"column":17},"end":{"line":133,"column":13}},"97":{"start":{"line":132,"column":16},"end":{"line":132,"column":62}},"98":{"start":{"line":135,"column":8},"end":{"line":135,"column":28}},"99":{"start":{"line":137,"column":4},"end":{"line":143,"column":6}},"100":{"start":{"line":138,"column":8},"end":{"line":138,"column":22}},"101":{"start":{"line":139,"column":8},"end":{"line":141,"column":9}},"102":{"start":{"line":140,"column":12},"end":{"line":140,"column":41}},"103":{"start":{"line":142,"column":8},"end":{"line":142,"column":69}},"104":{"start":{"line":144,"column":4},"end":{"line":156,"column":6}},"105":{"start":{"line":145,"column":8},"end":{"line":145,"column":17}},"106":{"start":{"line":146,"column":8},"end":{"line":154,"column":9}},"107":{"start":{"line":147,"column":12},"end":{"line":147,"column":126}},"108":{"start":{"line":149,"column":13},"end":{"line":154,"column":9}},"109":{"start":{"line":150,"column":12},"end":{"line":150,"column":29}},"110":{"start":{"line":153,"column":12},"end":{"line":153,"column":36}},"111":{"start":{"line":155,"column":8},"end":{"line":155,"column":44}},"112":{"start":{"line":157,"column":4},"end":{"line":161,"column":6}},"113":{"start":{"line":158,"c
[...]
e":165,"column":63}}]},"27":{"line":166,"type":"binary-expr","locations":[{"start":{"line":166,"column":45},"end":{"line":166,"column":68}},{"start":{"line":166,"column":72},"end":{"line":166,"column":96}}]},"28":{"line":175,"type":"if","locations":[{"start":{"line":175,"column":4},"end":{"line":175,"column":4}},{"start":{"line":175,"column":4},"end":{"line":175,"column":4}}]},"29":{"line":178,"type":"switch","locations":[{"start":{"line":179,"column":16},"end":{"line":179,"column":38}},{"start":{"line":180,"column":16},"end":{"line":182,"column":26}},{"start":{"line":183,"column":16},"end":{"line":185,"column":26}},{"start":{"line":186,"column":16},"end":{"line":186,"column":38}},{"start":{"line":187,"column":16},"end":{"line":188,"column":40}},{"start":{"line":189,"column":16},"end":{"line":191,"column":26}}]},"30":{"line":196,"type":"binary-expr","locations":[{"start":{"line":196,"column":32},"end":{"line":196,"column":52}},{"start":{"line":196,"column":56},"end":{"line":196,"column":81}}]},"31":{"line":197,"type":"if","locations":[{"start":{"line":197,"column":16},"end":{"line":197,"column":16}},{"start":{"line":197,"column":16},"end":{"line":197,"column":16}}]},"32":{"line":198,"type":"if","locations":[{"start":{"line":198,"column":20},"end":{"line":198,"column":20}},{"start":{"line":198,"column":20},"end":{"line":198,"column":20}}]},"33":{"line":206,"type":"if","locations":[{"start":{"line":206,"column":16},"end":{"line":206,"column":16}},{"start":{"line":206,"column":16},"end":{"line":206,"column":16}}]},"34":{"line":207,"type":"if","locations":[{"start":{"line":207,"column":20},"end":{"line":207,"column":20}},{"start":{"line":207,"column":20},"end":{"line":207,"column":20}}]},"35":{"line":215,"type":"if","locations":[{"start":{"line":215,"column":16},"end":{"line":215,"column":16}},{"start":{"line":215,"column":16},"end":{"line":215,"column":16}}]},"36":{"line":216,"type":"if","locations":[{"start":{"line":216,"column":20},"end":{"line":216,"column":20}},{"start":{"line":216,"column":20},"end":{"line":216,"column":20}}]},"37":{"line":219,"type":"if","locations":[{"start":{"line":219,"column":20},"end":{"line":219,"column":20}},{"start":{"line":219,"column":20},"end":{"line":219,"column":20}}]},"38":{"line":219,"type":"binary-expr","locations":[{"start":{"line":219,"column":24},"end":{"line":219,"column":40}},{"start":{"line":219,"column":44},"end":{"line":219,"column":80}}]},"39":{"line":231,"type":"cond-expr","locations":[{"start":{"line":231,"column":47},"end":{"line":231,"column":48}},{"start":{"line":231,"column":51},"end":{"line":231,"column":74}}]},"40":{"line":240,"type":"if","locations":[{"start":{"line":240,"column":4},"end":{"line":240,"column":4}},{"start":{"line":240,"column":4},"end":{"line":240,"column":4}}]},"41":{"line":240,"type":"binary-expr","locations":[{"start":{"line":240,"column":8},"end":{"line":240,"column":15}},{"start":{"line":240,"column":19},"end":{"line":240,"column":52}}]},"42":{"line":241,"type":"if","locations":[{"start":{"line":241,"column":8},"end":{"line":241,"column":8}},{"start":{"line":241,"column":8},"end":{"line":241,"column":8}}]},"43":{"line":241,"type":"binary-expr","locations":[{"start":{"line":241,"column":12},"end":{"line":241,"column":63}},{"start":{"line":241,"column":67},"end":{"line":241,"column":119}}]},"44":{"line":244,"type":"if","locations":[{"start":{"line":244,"column":12},"end":{"line":244,"column":12}},{"start":{"line":244,"column":12},"end":{"line":244,"column":12}}]},"45":{"line":246,"type":"if","locations":[{"start":{"line":246,"column":16},"end":{"line":246,"column":16}},{"start":{"line":246,"column":16},"end":{"line":246,"column":16}}]},"46":{"line":247,"type":"switch","locations":[{"start":{"line":248,"column":24},"end":{"line":250,"column":34}},{"start":{"line":251,"column":24},"end":{"line":255,"column":34}},{"start":{"line":256,"column":24},"end":{"line":258,"column":34}}]},"47":{"line":252,"type":"if","locations":[{"start":{"line":252,"column":28},"end":{"line":252,"column":28}},{"start":{"line":252,"column":28},"end":{"line":252,"column":28}}]},"48":{"line":252,"type":"binary-expr","locations":[{"start":{"line":252,"column":32},"end":{"line":252,"column":59}},{"start":{"line":252,"column":63},"end":{"line":252,"column":96}}]},"49":{"line":269,"type":"if","locations":[{"start":{"line":269,"column":13},"end":{"line":269,"column":13}},{"start":{"line":269,"column":13},"end":{"line":269,"column":13}}]},"50":{"line":272,"type":"if","locations":[{"start":{"line":272,"column":8},"end":{"line":272,"column":8}},{"start":{"line":272,"column":8},"end":{"line":272,"column":8}}]},"51":{"line":277,"type":"binary-expr","locations":[{"start":{"line":277,"column":47},"end":{"line":277,"column":54}},{"start":{"line":277,"column":58},"end":{"line":277,"column":60}}]},"52":{"line":285,"type":"if","locations":[{"start":{"line":285,"column":4},"end":{"line":285,"column":4}},{"start":{"line":285,"column":4},"end":{"line":285,"column":4}}]},"53":{"line":288,"type":"if","locations":[{"start":{"line":288,"column":9},"end":{"line":288,"column":9}},{"start":{"line":288,"column":9},"end":{"line":288,"column":9}}]},"54":{"line":288,"type":"binary-expr","locations":[{"start":{"line":288,"column":13},"end":{"line":288,"column":17}},{"start":{"line":288,"column":21},"end":{"line":288,"column":47}}]},"55":{"line":290,"type":"switch","locations":[{"start":{"line":291,"column":12},"end":{"line":291,"column":24}},{"start":{"line":292,"column":12},"end":{"line":294,"column":22}},{"start":{"line":295,"column":12},"end":{"line":297,"column":22}}]},"56":{"line":296,"type":"binary-expr","locations":[{"start":{"line":296,"column":19},"end":{"line":296,"column":31}},{"start":{"line":296,"column":35},"end":{"line":296,"column":51}}]},"57":{"line":306,"type":"cond-expr","locations":[{"start":{"line":306,"column":45},"end":{"line":306,"column":56}},{"start":{"line":306,"column":59},"end":{"line":306,"column":61}}]}},"code":["\"use strict\";","var dialog = require('./Dialog');","var consts = require('../consts');","var prompts = require('./Prompts');","var mb = require('../Message');","var sd = require('./SimpleDialog');","var dl = require('../bots/Library');","var utils = require('../utils');","var er = require('./EntityRecognizer');","var FieldType;","(function (FieldType) {","    FieldType[FieldType[\"text\"] = 0] = \"text\";","    FieldType[FieldType[\"number\"] = 1] = \"number\";","    FieldType[FieldType[\"confirm\"] = 2] = \"confirm\";","    FieldType[FieldType[\"choice\"] = 3] = \"choice\";","    FieldType[FieldType[\"time\"] = 4] = \"time\";","    FieldType[FieldType[\"dialog\"] = 5] = \"dialog\";","})(FieldType || (FieldType = {}));","var Fields = (function () {","    function Fields() {","    }","    Fields.text = function (field, prompt, options) {","        if (options === void 0) { options = {}; }","        return function (session, results, next) {","            var args = utils.clone(options);","            args.field = field;","            args.fieldType = FieldType.text;","            args.prompt = prompt;","            processField(session, results, next, args);","        };","    };","    Fields.number = function (field, prompt, options) {","        if (options === void 0) { options = {}; }","        return function (session, results, next) {","            var args = utils.clone(options);","            args.field = field;","            args.fieldType = FieldType.number;","            args.prompt = prompt;","            processField(session, results, next, args);","        };","    };","    Fields.confirm = function (field, prompt, options) {","        if (options === void 0) { options = {}; }","        return function (session, results, next) {","            var args = utils.clone(options);","            args.field = field;","            args.fieldType = FieldType.confirm;","            args.prompt = prompt;","            processField(session, results, next, args);","        };","    };","    Fields.choice = function (field, prompt, choices, options) {","        if (options === void 0) { options = {}; }","        return function (session, results, next) {","            var args = utils.clone(options);","            args.field = field;","            args.fieldType = FieldType.choice;","            args.prompt = prompt;","            args.enumValues = er.EntityRecognizer.expandChoices(choices);","            args.listStyle = args.hasOwnProperty('listStyle') ? args.listStyle : prompts.ListStyle.auto;","            processField(session, results, next, args);","        };","    };","    Fields.time = function (field, prompt, options) {","        if (options === void 0) { options = {}; }","        return function (session, results, next) {","            var args = utils.clone(options);","            args.field = field;","            args.fieldType = FieldType.time;","            args.prompt = prompt;","            processField(session, results, next, args);","        };","    };","    Fields.dialog = function (field, dialogId, dialogArgs, options) {","        if (options === void 0) { options = {}; }","        return function (session, results, next) {","            var args = utils.clone(options);","            args.field = field;","            args.fieldType = FieldType.time;","            args.dialogId = dialogId;","            args.dialogArgs = dialogArgs;","            processField(session, results, next, args);","        };","    };","    Fields.endForm = function () {","        return function (session, results, next) {","            var r = saveResults(session, results);","            if (r.resumed == dialog.ResumeReason.completed) {","                var form = session.dialogData[consts.Data.Form];","                delete session.dialogData[consts.Data.Form];","                next({ resumed: dialog.ResumeReason.completed, response: form });","            }","            else {","                next(r);","            }","        };","    };","    Fields.returnForm = function () {","        return function (session, results, next) {","            var r = saveResults(session, results);","            if (r.resumed == dialog.ResumeReason.completed) {","                var form = session.dialogData[consts.Data.Form];","                delete session.dialogData[consts.Data.Form];","                session.endDialogWithResult({ resumed: dialog.ResumeReason.completed, response: form });","            }","            else {","                session.endDialogWithResult(r);","            }","        };","    };","    Fields.onPromptUseDefault = function () {","        return function (context, next) {","            var type = typeof context.form[context.field];","            if (type === 'undefined' || type === 'null') {","                type = typeof context.userData[context.field];","                if (type === 'undefined' || type === 'null') {","                    next(false);","                }","                else {","                    context.form[context.field] = context.userData[context.field];","                    next(true);","                }","            }","            else {","                next(true);","            }","        };","    };","    return Fields;","}());","exports.Fields = Fields;","dl.systemLib.dialog(consts.DialogId.Field, new sd.SimpleDialog(function (session, args) {","    var fieldArgs = session.dialogData;","    function callPrompt() {","        fieldArgs.returnResults = true;","        if (fieldArgs.fieldType == FieldType.dialog) {","            session.beginDialog(fieldArgs.dialogId, fieldArgs.dialogArgs);","        }","        else {","            session.beginDialog(consts.DialogId.Prompts, fieldArgs);","        }","    }","    if (args.hasOwnProperty('resumed')) {","        if (fieldArgs.returnResults || args.resumed !== dialog.ResumeReason.completed) {","            session.endDialog(args);","        }","        else {","            if (fieldArgs.confirmPrompt && !args.response) {","                callPrompt();","            }","            else if (fieldArgs.optionalPrompt && args.response) {","                callPrompt();","            }","            else {","                session.endDialogWithResult({ response: fieldArgs.value, resumed: dialog.ResumeReason.completed });","            }","        }","    }","    else {","        for (var key in args) {","            if (args.hasOwnProperty(key) && typeof args[key] !== 'function') {","                fieldArgs[key] = args[key];","            }","        }","        if (fieldArgs.confirmPrompt || fieldArgs.optionalPrompt) {","            prompts.Prompts.confirm(session, fieldArgs.confirmPrompt || fieldArgs.optionalPrompt);","        }","        else {","            callPrompt();","        }","    }","}));","function processField(session, results, next, args) {","    var r = saveResults(session, results);","    if (r.resumed == dialog.ResumeReason.completed) {","        try {","            var dataType;","            switch (args.fieldType) {","                case FieldType.choice:","                case FieldType.text:","                    dataType = 'text';","                    break;","                case FieldType.confirm:","                    dataType = 'boolean';","                    break;","                case FieldType.number:","                case FieldType.time:","                    dataType = 'number';","                default:","                    dataType = null;","                    break;","            }","            onPrompt(session, args.field, dataType, args, function (skip) {","                args.value = session.dialogData[consts.Data.Form][args.field];","                var valueType = typeof args.value;","                var hasValue = (valueType !== 'null' && valueType !== 'undefined');","                if (args.confirmPrompt) {","                    if (hasValue) {","                        skip = false;","                        args.confirmPrompt = expandTemplate(session, args.field, args.confirmPrompt);","                    }","                    else {","                        delete args.confirmPrompt;","                    }","                }","                if (args.optionalPrompt) {","                    if (!hasValue) {","                        skip = false;","                        args.optionalPrompt = expandTemplate(session, args.field, args.optionalPrompt);","                    }","                    else {","                        delete args.optionalPrompt;","                    }","                }","                if (!skip) {","                    if (args.prompt) {","                        args.prompt = expandTemplate(session, args.field, args.prompt);","                    }","                    if (args.retryPrompt && typeof args.retryPrompt !== 'object') {","                        args.retryPrompt = expandTemplate(session, args.field, args.retryPrompt);","                    }","                    session.dialogData[consts.Data.Field] = { type: args.fieldType, name: args.field };","                    session.beginDialog(consts.DialogId.Field, args);","                }","                else {","                    next();","                }","            });","        }","        catch (e) {","            next({ error: e instanceof Error ? e : new Error(e.toString()), resumed: dialog.ResumeReason.notCompleted });","        }","    }","    else {","        next(r);","    }","}","function saveResults(session, results) {","    var r;","    if (results && results.hasOwnProperty('resumed')) {","        if (session.dialogData.hasOwnProperty(consts.Data.Form) && session.dialogData.hasOwnProperty(consts.Data.Field)) {","            var field = session.dialogData[consts.Data.Field];","            delete session.dialogData[consts.Data.Field];","            if (results.resumed == dialog.ResumeReason.completed) {","                var dataType = typeof results.response;","                if (dataType == 'object') {","                    switch (field.type) {","                        case FieldType.choice:","                            session.dialogData[consts.Data.Form][field.name] = results.response.entity;","                            break;","                        case FieldType.time:","                            if (results.response.resolution && results.response.resolution.start) {","                                session.dialogData[consts.Data.Form][field.name] = results.response.resolution.start.getTime();","                            }","                            break;","                        default:","                            session.dialogData[consts.Data.Form][field.name] = results.response;","                            break;","                    }","                }","                else {","                    session.dialogData[consts.Data.Form][field.name] = results.response;","                }","            }","            else {","                r = results;","            }","        }","        else if (typeof results.response === 'object') {","            session.dialogData[consts.Data.Form] = results.response;","        }","        if (!r) {","            r = { resumed: dialog.ResumeReason.completed };","        }","    }","    else {","        session.dialogData[consts.Data.Form] = results || {};","        r = { resumed: dialog.ResumeReason.completed };","    }","    return r;","}","function onPrompt(session, field, type, options, cb) {","    var form = session.dialogData[consts.Data.Form];","    var context = { userData: session.userData, form: form, field: field };","    if (options.onPrompt) {","        options.onPrompt(context, cb);","    }","    else if (form && form.hasOwnProperty(field)) {","        var dataType = typeof form[field];","        switch (dataType) {","            case 'null':","            case 'undefined':","                cb(false);","                break;","            default:","                cb(type == null || dataType == type);","                break;","        }","    }","    else {","        cb(false);","    }","}","function expandTemplate(session, field, prompt) {","    var form = session.dialogData[consts.Data.Form];","    var value = form.hasOwnProperty(field) ? form[field] : '';","    var args = { userData: session.userData, form: form, value: value };","    return session.gettext(mb.Message.randomPrompt(prompt), args);","}",""],"l":{"2":2,"3":2,"4":2,"5":2,"6":2,"7":2,"8":2,"9":2,"10":2,"11":2,"12":2,"13":2,"14":2,"15":2,"16":2,"17":2,"19":2,"20":1,"22":2,"23":0,"24":0,"25":0,"26":0,"27":0,"28":0,"29":0,"32":2,"33":0,"34":0,"35":0,"36":0,"37":0,"38":0,"39":0,"42":2,"43":0,"44":0,"45":0,"46":0,"47":0,"48":0,"49":0,"52":2,"53":0,"54":0,"55":0,"56":0,"57":0,"58":0,"59":0,"60":0,"61":0,"64":2,"65":0,"66":0,"67":0,"68":0,"69":0,"70":0,"71":0,"74":2,"75":0,"76":0,"77":0,"78":0,"79":0,"80":0,"81":0,"82":0,"85":2,"86":0,"87":0,"88":0,"89":0,"90":0,"91":0,"94":0,"98":2,"99":0,"100":0,"101":0,"102":0,"103":0,"104":0,"107":0,"111":2,"112":0,"113":0,"114":0,"115":0,"116":0,"117":0,"120":0,"121":0,"125":0,"129":2,"131":2,"132":2,"133":0,"134":1,"135":0,"136":0,"137":0,"140":0,"143":0,"144":0,"145":0,"148":0,"149":0,"151":0,"152":0,"155":0,"160":0,"161":0,"162":0,"165":0,"166":0,"169":0,"173":1,"174":0,"175":0,"176":0,"177":0,"178":0,"181":0,"182":0,"184":0,"185":0,"188":0,"190":0,"191":0,"193":0,"194":0,"195":0,"196":0,"197":0,"198":0,"199":0,"200":0,"203":0,"206":0,"207":0,"208":0,"209":0,"212":0,"215":0,"216":0,"217":0,"219":0,"220":0,"222":0,"223":0,"226":0,"231":0,"235":0,"238":1,"239":0,"240":0,"241":0,"242":0,"243":0,"244":0,"245":0,"246":0,"247":0,"249":0,"250":0,"252":0,"253":0,"255":0,"257":0,"258":0,"262":0,"266":0,"269":0,"270":0,"272":0,"273":0,"277":0,"278":0,"280":0,"282":1,"283":0,"284":0,"285":0,"286":0,"288":0,"289":0,"290":0,"293":0,"294":0,"296":0,"297":0,"301":0,"304":1,"305":0,"306":0,"307":0,"308":0}}}